<?xml version="1.0" encoding="UTF-8"?>
<testsuite xmlns:xsi="http://www.w3.org/2001/XMLSchema-instance" xsi:noNamespaceSchemaLocation="https://maven.apache.org/surefire/maven-failsafe-plugin/xsd/failsafe-test-report-3.0.xsd" version="3.0" name="runner.SerenityRunner" time="53.998" tests="3" errors="2" skipped="0" failures="0">
  <properties>
[...]
</properties>
  <testcase name="Login with valid credentials" classname="Login to HRM" time="15.245">
    <system-out><![CDATA[15:04:28.468 [main] DEBUG net.thucydides.core.guice.Injectors - Created injector for module net.thucydides.core.guice.ThucydidesModule
15:04:28.663 [main] DEBUG io.cucumber.core.plugin.SerenityReporter - Running feature from file:///C:/Users/vijayalaxmi.rajaa/eclipse-workspace/SerenityProject/Features/LoginOrange.feature
15:04:28.664 [main] WARN io.cucumber.core.plugin.SerenityReporter - Feature from file:///C:/Users/vijayalaxmi.rajaa/eclipse-workspace/SerenityProject/Features/LoginOrange.feature is not under the 'features' directory. Requirements report will not be correctly generated!
15:04:28.834 [main] DEBUG net.thucydides.core.guice.Injectors - Created injector for module net.thucydides.core.guice.webdriver.WebDriverModule
15:04:28.869 [main] INFO  - 

-------------------------------------------------------------------------------------
     _______. _______ .______       _______ .__   __.  __  .___________.____    ____ 
    /       ||   ____||   _  \     |   ____||  \ |  | |  | |           |\   \  /   / 
   |   (----`|  |__   |  |_)  |    |  |__   |   \|  | |  | `---|  |----` \   \/   /  
    \   \    |   __|  |      /     |   __|  |  . `  | |  |     |  |       \_    _/   
.----)   |   |  |____ |  |\  \----.|  |____ |  |\   | |  |     |  |         |  |     
|_______/    |_______|| _| `._____||_______||__| \__| |__|     |__|         |__|    
                                                                                     
 News and tutorials at http://www.serenity-bdd.info                                  
 Documentation at https://wakaleo.gitbooks.io/the-serenity-book/content/             
 Join the Serenity Community on Gitter: https://gitter.im/serenity-bdd/serenity-core 
 Serenity BDD Support and Training at http://serenity-bdd.info/#/trainingandsupport  
-------------------------------------------------------------------------------------

15:04:28.871 [main] DEBUG net.thucydides.core.steps.StepEventBus - Test suite started for story net.thucydides.core.model.Story@a4d16336
15:04:28.872 [main] INFO  - Test Suite Started: Login to HRM
15:04:28.884 [main] DEBUG io.cucumber.core.plugin.SerenityReporter - Running feature from file:///C:/Users/vijayalaxmi.rajaa/eclipse-workspace/SerenityProject/Features/LoginOrange.feature
15:04:28.884 [main] WARN io.cucumber.core.plugin.SerenityReporter - Feature from file:///C:/Users/vijayalaxmi.rajaa/eclipse-workspace/SerenityProject/Features/LoginOrange.feature is not under the 'features' directory. Requirements report will not be correctly generated!
15:04:28.887 [main] DEBUG net.thucydides.core.steps.StepEventBus - Test suite started for story net.thucydides.core.model.Story@a4d16336
15:04:28.888 [main] INFO  - Test Suite Started: Login to HRM

@ValidCredentials
Scenario: Login with valid credentials   # Features/LoginOrange.feature:4
15:04:28.972 [main] DEBUG io.cucumber.core.plugin.SerenityReporter - Running feature from file:///C:/Users/vijayalaxmi.rajaa/eclipse-workspace/SerenityProject/Features/LoginOrange.feature
15:04:28.972 [main] WARN io.cucumber.core.plugin.SerenityReporter - Feature from file:///C:/Users/vijayalaxmi.rajaa/eclipse-workspace/SerenityProject/Features/LoginOrange.feature is not under the 'features' directory. Requirements report will not be correctly generated!
15:04:29.074 [main] INFO  - 
  _____   ___   ___   _____     ___   _____     _     ___   _____   ___   ___  
 |_   _| | __| / __| |_   _|   / __| |_   _|   /_\   | _ \ |_   _| | __| |   \ 
   | |   | _|  \__ \   | |     \__ \   | |    / _ \  |   /   | |   | _|  | |) |
   |_|   |___| |___/   |_|     |___/   |_|   /_/ \_\ |_|_\   |_|   |___| |___/ 

Login with valid credentials(login-to-hrm;login-with-valid-credentials)
--------------------------------------------------------------------------------
15:04:29.987 [main] INFO net.serenitybdd.core.webdriver.driverproviders.ChromeDriverProvider - Starting Chrome driver instance with capabilities:
15:04:29.988 [main] INFO net.serenitybdd.core.webdriver.driverproviders.ChromeDriverProvider - Capabilities {acceptInsecureCerts: false, browserName: chrome, goog:chromeOptions: {args: [remote-allow-origins=*], extensions: []}}
15:04:30.066 [main] DEBUG io.netty.util.internal.logging.InternalLoggerFactory - Using SLF4J as the default logging framework
15:04:30.068 [main] DEBUG io.netty.util.ResourceLeakDetector - -Dio.netty.leakDetection.level: simple
15:04:30.068 [main] DEBUG io.netty.util.ResourceLeakDetector - -Dio.netty.leakDetection.targetRecords: 4
15:04:30.072 [main] DEBUG io.netty.util.ResourceLeakDetectorFactory - Loaded default ResourceLeakDetector: io.netty.util.ResourceLeakDetector@4466cf5d
15:04:30.087 [main] DEBUG io.netty.util.internal.PlatformDependent0 - -Dio.netty.noUnsafe: false
15:04:30.088 [main] DEBUG io.netty.util.internal.PlatformDependent0 - Java version: 19
15:04:30.088 [main] DEBUG io.netty.util.internal.PlatformDependent0 - sun.misc.Unsafe.theUnsafe: available
15:04:30.088 [main] DEBUG io.netty.util.internal.PlatformDependent0 - sun.misc.Unsafe.copyMemory: available
15:04:30.088 [main] DEBUG io.netty.util.internal.PlatformDependent0 - sun.misc.Unsafe.storeFence: available
15:04:30.089 [main] DEBUG io.netty.util.internal.PlatformDependent0 - java.nio.Buffer.address: available
15:04:30.089 [main] DEBUG io.netty.util.internal.PlatformDependent0 - direct buffer constructor: unavailable: Reflective setAccessible(true) disabled
15:04:30.090 [main] DEBUG io.netty.util.internal.PlatformDependent0 - java.nio.Bits.unaligned: available, true
15:04:30.092 [main] DEBUG io.netty.util.internal.PlatformDependent0 - jdk.internal.misc.Unsafe.allocateUninitializedArray(int): unavailable: class io.netty.util.internal.PlatformDependent0$7 cannot access class jdk.internal.misc.Unsafe (in module java.base) because module java.base does not export jdk.internal.misc to unnamed module @5f9b2141
15:04:30.093 [main] DEBUG io.netty.util.internal.PlatformDependent0 - java.nio.DirectByteBuffer.<init>(long, int): unavailable
15:04:30.093 [main] DEBUG io.netty.util.internal.PlatformDependent - sun.misc.Unsafe: available
15:04:30.095 [main] DEBUG io.netty.util.internal.PlatformDependent - maxDirectMemory: 4229955584 bytes (maybe)
15:04:30.095 [main] DEBUG io.netty.util.internal.PlatformDependent - -Dio.netty.tmpdir: C:\Users\VIJAYA~1.RAJ\AppData\Local\Temp (java.io.tmpdir)
15:04:30.095 [main] DEBUG io.netty.util.internal.PlatformDependent - -Dio.netty.bitMode: 64 (sun.arch.data.model)
15:04:30.095 [main] DEBUG io.netty.util.internal.PlatformDependent - Platform: Windows
15:04:30.097 [main] DEBUG io.netty.util.internal.PlatformDependent - -Dio.netty.maxDirectMemory: -1 bytes
15:04:30.097 [main] DEBUG io.netty.util.internal.PlatformDependent - -Dio.netty.uninitializedArrayAllocationThreshold: -1
15:04:30.097 [main] DEBUG io.netty.util.internal.CleanerJava9 - java.nio.ByteBuffer.cleaner(): available
15:04:30.097 [main] DEBUG io.netty.util.internal.PlatformDependent - -Dio.netty.noPreferDirect: false
15:04:30.106 [main] DEBUG io.netty.util.internal.PlatformDependent - org.jctools-core.MpscChunkedArrayQueue: available
15:04:30.122 [main] DEBUG io.netty.util.internal.InternalThreadLocalMap - -Dio.netty.threadLocalMap.stringBuilder.initialSize: 1024
15:04:30.122 [main] DEBUG io.netty.util.internal.InternalThreadLocalMap - -Dio.netty.threadLocalMap.stringBuilder.maxSize: 4096
15:04:30.273 [main] DEBUG io.netty.handler.ssl.JdkSslContext - Default protocols (JDK): [TLSv1.3, TLSv1.2] 
15:04:30.273 [main] DEBUG io.netty.handler.ssl.JdkSslContext - Default cipher suites (JDK): [TLS_ECDHE_ECDSA_WITH_AES_256_GCM_SHA384, TLS_ECDHE_ECDSA_WITH_AES_128_GCM_SHA256, TLS_ECDHE_RSA_WITH_AES_128_GCM_SHA256, TLS_ECDHE_RSA_WITH_AES_256_GCM_SHA384, TLS_ECDHE_RSA_WITH_AES_128_CBC_SHA, TLS_ECDHE_RSA_WITH_AES_256_CBC_SHA, TLS_RSA_WITH_AES_128_GCM_SHA256, TLS_RSA_WITH_AES_128_CBC_SHA, TLS_RSA_WITH_AES_256_CBC_SHA, TLS_AES_128_GCM_SHA256, TLS_AES_256_GCM_SHA384]
15:04:30.297 [main] DEBUG io.netty.channel.MultithreadEventLoopGroup - -Dio.netty.eventLoopThreads: 16
15:04:30.306 [main] DEBUG io.netty.channel.nio.NioEventLoop - -Dio.netty.noKeySetOptimization: false
15:04:30.307 [main] DEBUG io.netty.channel.nio.NioEventLoop - -Dio.netty.selectorAutoRebuildThreshold: 512
15:04:30.398 [main] DEBUG io.netty.buffer.PooledByteBufAllocator - -Dio.netty.allocator.numHeapArenas: 16
15:04:30.398 [main] DEBUG io.netty.buffer.PooledByteBufAllocator - -Dio.netty.allocator.numDirectArenas: 16
15:04:30.398 [main] DEBUG io.netty.buffer.PooledByteBufAllocator - -Dio.netty.allocator.pageSize: 8192
15:04:30.398 [main] DEBUG io.netty.buffer.PooledByteBufAllocator - -Dio.netty.allocator.maxOrder: 9
15:04:30.398 [main] DEBUG io.netty.buffer.PooledByteBufAllocator - -Dio.netty.allocator.chunkSize: 4194304
15:04:30.398 [main] DEBUG io.netty.buffer.PooledByteBufAllocator - -Dio.netty.allocator.smallCacheSize: 256
15:04:30.398 [main] DEBUG io.netty.buffer.PooledByteBufAllocator - -Dio.netty.allocator.normalCacheSize: 64
15:04:30.398 [main] DEBUG io.netty.buffer.PooledByteBufAllocator - -Dio.netty.allocator.maxCachedBufferCapacity: 32768
15:04:30.399 [main] DEBUG io.netty.buffer.PooledByteBufAllocator - -Dio.netty.allocator.cacheTrimInterval: 8192
15:04:30.399 [main] DEBUG io.netty.buffer.PooledByteBufAllocator - -Dio.netty.allocator.cacheTrimIntervalMillis: 0
15:04:30.399 [main] DEBUG io.netty.buffer.PooledByteBufAllocator - -Dio.netty.allocator.useCacheForAllThreads: false
15:04:30.399 [main] DEBUG io.netty.buffer.PooledByteBufAllocator - -Dio.netty.allocator.maxCachedByteBuffersPerChunk: 1023
15:04:30.408 [main] DEBUG io.netty.buffer.ByteBufUtil - -Dio.netty.allocator.type: pooled
15:04:30.408 [main] DEBUG io.netty.buffer.ByteBufUtil - -Dio.netty.threadLocalDirectBufferSize: 0
15:04:30.408 [main] DEBUG io.netty.buffer.ByteBufUtil - -Dio.netty.maxThreadLocalCharBufferSize: 16384
15:04:31.580 [Forwarding newSession on session null to remote] DEBUG io.netty.channel.DefaultChannelId - -Dio.netty.processId: 15984 (auto-detected)
15:04:31.582 [Forwarding newSession on session null to remote] DEBUG io.netty.util.NetUtil - -Djava.net.preferIPv4Stack: false
15:04:31.582 [Forwarding newSession on session null to remote] DEBUG io.netty.util.NetUtil - -Djava.net.preferIPv6Addresses: false
15:04:31.595 [Forwarding newSession on session null to remote] DEBUG io.netty.util.NetUtilInitializations - Loopback interface: lo (Software Loopback Interface 1, 127.0.0.1)
15:04:31.596 [Forwarding newSession on session null to remote] DEBUG io.netty.util.NetUtil - Failed to get SOMAXCONN from sysctl and file \proc\sys\net\core\somaxconn. Default: 200
15:04:31.624 [Forwarding newSession on session null to remote] DEBUG io.netty.channel.DefaultChannelId - -Dio.netty.machineId: ac:82:47:ff:fe:d5:f3:27 (auto-detected)
15:04:31.675 [AsyncHttpClient-1-2] DEBUG io.netty.buffer.AbstractByteBuf - -Dio.netty.buffer.checkAccessible: true
15:04:31.675 [AsyncHttpClient-1-2] DEBUG io.netty.buffer.AbstractByteBuf - -Dio.netty.buffer.checkBounds: true
15:04:31.675 [AsyncHttpClient-1-2] DEBUG io.netty.util.ResourceLeakDetectorFactory - Loaded default ResourceLeakDetector: io.netty.util.ResourceLeakDetector@45373eb3
15:04:31.687 [AsyncHttpClient-1-2] DEBUG org.asynchttpclient.netty.channel.NettyConnectListener - Using new Channel '[id: 0x45787a95, L:/127.0.0.1:64534 - R:localhost/127.0.0.1:5948]' for 'POST' to '/session'
15:04:31.702 [AsyncHttpClient-1-2] DEBUG io.netty.util.Recycler - -Dio.netty.recycler.maxCapacityPerThread: 4096
15:04:31.702 [AsyncHttpClient-1-2] DEBUG io.netty.util.Recycler - -Dio.netty.recycler.ratio: 8
15:04:31.702 [AsyncHttpClient-1-2] DEBUG io.netty.util.Recycler - -Dio.netty.recycler.chunkSize: 32
15:04:31.702 [AsyncHttpClient-1-2] DEBUG io.netty.util.Recycler - -Dio.netty.recycler.blocking: false
15:04:32.657 [AsyncHttpClient-1-2] DEBUG io.netty.handler.codec.compression.Brotli - brotli4j not in the classpath; Brotli support will be unavailable.
15:04:32.657 [AsyncHttpClient-1-2] DEBUG org.asynchttpclient.netty.handler.HttpHandler - 

Request DefaultHttpRequest(decodeResult: success, version: HTTP/1.1)
POST /session HTTP/1.1
User-Agent: selenium/4.8.1 (java windows)
Content-Length: 507
Content-Type: application/json; charset=utf-8
host: localhost:5948
accept: */*

Response DefaultHttpResponse(decodeResult: success, version: HTTP/1.1)
HTTP/1.1 200 OK
Content-Length: 866
Content-Type: application/json; charset=utf-8
cache-control: no-cache

15:04:32.666 [AsyncHttpClient-1-2] DEBUG org.asynchttpclient.netty.channel.ChannelManager - Adding key: http://localhost:5948 for channel [id: 0x45787a95, L:/127.0.0.1:64534 - R:localhost/127.0.0.1:5948]
15:04:32.721 [AsyncHttpClient-1-3] DEBUG org.asynchttpclient.netty.channel.NettyConnectListener - Using new Channel '[id: 0x4d28e212, L:/127.0.0.1:64541 - R:localhost/127.0.0.1:64535]' for 'GET' to '/json/version'
15:04:32.725 [AsyncHttpClient-1-3] DEBUG org.asynchttpclient.netty.handler.HttpHandler - 

Request DefaultFullHttpRequest(decodeResult: success, version: HTTP/1.1, content: EmptyByteBufBE)
GET /json/version HTTP/1.1
User-Agent: selenium/4.8.1 (java windows)
host: localhost:64535
accept: */*

Response DefaultHttpResponse(decodeResult: success, version: HTTP/1.1)
HTTP/1.1 200 OK
Content-Security-Policy: frame-ancestors 'none'
Content-Length: 424
Content-Type: application/json; charset=UTF-8

15:04:32.725 [AsyncHttpClient-1-3] DEBUG org.asynchttpclient.netty.channel.ChannelManager - Adding key: http://localhost:64535 for channel [id: 0x4d28e212, L:/127.0.0.1:64541 - R:localhost/127.0.0.1:64535]
15:04:32.734 [main] DEBUG io.netty.util.internal.ThreadLocalRandom - -Dio.netty.initialSeedUniquifier: 0x5432c0168f851dac
15:04:32.737 [AsyncHttpClient-1-4] DEBUG org.asynchttpclient.netty.channel.NettyConnectListener - Using new Channel '[id: 0xc36b3932, L:/127.0.0.1:64543 - R:localhost/127.0.0.1:64535]' for 'GET' to '/devtools/browser/211b97f6-ca9e-4b10-9b8e-902fb469845c'
15:04:32.741 [AsyncHttpClient-1-4] DEBUG org.asynchttpclient.netty.handler.WebSocketHandler - 

Request DefaultFullHttpRequest(decodeResult: success, version: HTTP/1.1, content: EmptyByteBufBE)
GET /devtools/browser/211b97f6-ca9e-4b10-9b8e-902fb469845c HTTP/1.1
upgrade: websocket
connection: upgrade
sec-websocket-key: KZcoLFoX6/Iz8FYhCdtbNw==
sec-websocket-version: 13
origin: http://localhost:64535
host: localhost:64535
accept: */*
user-agent: AHC/2.1

Response DefaultHttpResponse(decodeResult: success, version: HTTP/1.1)
HTTP/1.1 101 WebSocket Protocol Handshake
Upgrade: WebSocket
Connection: Upgrade
Sec-WebSocket-Accept: cfmawVm0N/UsjcoAswEauPdNZ0M=

15:04:32.837 [Forwarding get on session 63219ae15ab369f44e83d8ce98356a18 to remote] DEBUG org.asynchttpclient.netty.request.NettyRequestSender - Using pooled Channel '[id: 0x45787a95, L:/127.0.0.1:64534 - R:localhost/127.0.0.1:5948]' for 'POST' to 'http://localhost:5948/session/63219ae15ab369f44e83d8ce98356a18/url'
15:04:32.837 [Forwarding get on session 63219ae15ab369f44e83d8ce98356a18 to remote] DEBUG org.asynchttpclient.netty.request.NettyRequestSender - Using open Channel [id: 0x45787a95, L:/127.0.0.1:64534 - R:localhost/127.0.0.1:5948] for POST '/session/63219ae15ab369f44e83d8ce98356a18/url'
15:04:33.513 [AsyncHttpClient-1-1] DEBUG org.asynchttpclient.netty.channel.DefaultChannelPool - Entry count for : http://localhost:64535 : 1
15:04:34.611 [AsyncHttpClient-1-1] DEBUG org.asynchttpclient.netty.channel.DefaultChannelPool - Entry count for : http://localhost:64535 : 1
15:04:35.711 [AsyncHttpClient-1-1] DEBUG org.asynchttpclient.netty.channel.DefaultChannelPool - Entry count for : http://localhost:64535 : 1
15:04:36.811 [AsyncHttpClient-1-1] DEBUG org.asynchttpclient.netty.channel.DefaultChannelPool - Entry count for : http://localhost:64535 : 1
15:04:37.911 [AsyncHttpClient-1-1] DEBUG org.asynchttpclient.netty.channel.DefaultChannelPool - Entry count for : http://localhost:64535 : 1
15:04:39.012 [AsyncHttpClient-1-1] DEBUG org.asynchttpclient.netty.channel.DefaultChannelPool - Entry count for : http://localhost:64535 : 1
15:04:40.111 [AsyncHttpClient-1-1] DEBUG org.asynchttpclient.netty.channel.DefaultChannelPool - Entry count for : http://localhost:64535 : 1
15:04:40.713 [AsyncHttpClient-1-2] DEBUG org.asynchttpclient.netty.handler.HttpHandler - 

Request DefaultHttpRequest(decodeResult: success, version: HTTP/1.1)
POST /session/63219ae15ab369f44e83d8ce98356a18/url HTTP/1.1
User-Agent: selenium/4.8.1 (java windows)
Content-Length: 72
Content-Type: application/json; charset=utf-8
host: localhost:5948
accept: */*

Response DefaultHttpResponse(decodeResult: success, version: HTTP/1.1)
HTTP/1.1 200 OK
Content-Length: 14
Content-Type: application/json; charset=utf-8
cache-control: no-cache

15:04:40.714 [AsyncHttpClient-1-2] DEBUG org.asynchttpclient.netty.channel.ChannelManager - Adding key: http://localhost:5948 for channel [id: 0x45787a95, L:/127.0.0.1:64534 - R:localhost/127.0.0.1:5948]
15:04:40.720 [Forwarding setTimeout on session 63219ae15ab369f44e83d8ce98356a18 to remote] DEBUG org.asynchttpclient.netty.request.NettyRequestSender - Using pooled Channel '[id: 0x45787a95, L:/127.0.0.1:64534 - R:localhost/127.0.0.1:5948]' for 'POST' to 'http://localhost:5948/session/63219ae15ab369f44e83d8ce98356a18/timeouts'
15:04:40.720 [Forwarding setTimeout on session 63219ae15ab369f44e83d8ce98356a18 to remote] DEBUG org.asynchttpclient.netty.request.NettyRequestSender - Using open Channel [id: 0x45787a95, L:/127.0.0.1:64534 - R:localhost/127.0.0.1:5948] for POST '/session/63219ae15ab369f44e83d8ce98356a18/timeouts'
15:04:40.723 [AsyncHttpClient-1-2] DEBUG org.asynchttpclient.netty.handler.HttpHandler - 

Request DefaultHttpRequest(decodeResult: success, version: HTTP/1.1)
POST /session/63219ae15ab369f44e83d8ce98356a18/timeouts HTTP/1.1
User-Agent: selenium/4.8.1 (java windows)
Content-Length: 22
Content-Type: application/json; charset=utf-8
host: localhost:5948
accept: */*

Response DefaultHttpResponse(decodeResult: success, version: HTTP/1.1)
HTTP/1.1 200 OK
Content-Length: 14
Content-Type: application/json; charset=utf-8
cache-control: no-cache

15:04:40.724 [AsyncHttpClient-1-2] DEBUG org.asynchttpclient.netty.channel.ChannelManager - Adding key: http://localhost:5948 for channel [id: 0x45787a95, L:/127.0.0.1:64534 - R:localhost/127.0.0.1:5948]
User in the correct page
  Given User is on Home page             # stepdefinitions.LoginOrangeTest.user_is_on_home_page()
15:04:40.780 [main] DEBUG net.serenitybdd.core.photography.Darkroom - Opening darkroom
15:04:40.782 [Darkroom Processing Line] DEBUG net.serenitybdd.core.photography.DarkroomProcessingLine - Darkroom processing line starting up
15:04:40.805 [Forwarding getAlertText on session 63219ae15ab369f44e83d8ce98356a18 to remote] DEBUG org.asynchttpclient.netty.request.NettyRequestSender - Using pooled Channel '[id: 0x45787a95, L:/127.0.0.1:64534 - R:localhost/127.0.0.1:5948]' for 'GET' to 'http://localhost:5948/session/63219ae15ab369f44e83d8ce98356a18/alert/text'
15:04:40.805 [Forwarding getAlertText on session 63219ae15ab369f44e83d8ce98356a18 to remote] DEBUG org.asynchttpclient.netty.request.NettyRequestSender - Using open Channel [id: 0x45787a95, L:/127.0.0.1:64534 - R:localhost/127.0.0.1:5948] for GET '/session/63219ae15ab369f44e83d8ce98356a18/alert/text'
15:04:40.811 [AsyncHttpClient-1-2] DEBUG org.asynchttpclient.netty.handler.HttpHandler - 

Request DefaultFullHttpRequest(decodeResult: success, version: HTTP/1.1, content: EmptyByteBufBE)
GET /session/63219ae15ab369f44e83d8ce98356a18/alert/text HTTP/1.1
User-Agent: selenium/4.8.1 (java windows)
Cache-Control: no-cache
Content-Type: application/json; charset=utf-8
host: localhost:5948
accept: */*

Response DefaultHttpResponse(decodeResult: success, version: HTTP/1.1)
HTTP/1.1 404 Not Found
Content-Length: 816
Content-Type: application/json; charset=utf-8
cache-control: no-cache

15:04:40.811 [AsyncHttpClient-1-2] DEBUG org.asynchttpclient.netty.channel.ChannelManager - Adding key: http://localhost:5948 for channel [id: 0x45787a95, L:/127.0.0.1:64534 - R:localhost/127.0.0.1:5948]
15:04:40.821 [Forwarding getCurrentUrl on session 63219ae15ab369f44e83d8ce98356a18 to remote] DEBUG org.asynchttpclient.netty.request.NettyRequestSender - Using pooled Channel '[id: 0x45787a95, L:/127.0.0.1:64534 - R:localhost/127.0.0.1:5948]' for 'GET' to 'http://localhost:5948/session/63219ae15ab369f44e83d8ce98356a18/url'
15:04:40.822 [Forwarding getCurrentUrl on session 63219ae15ab369f44e83d8ce98356a18 to remote] DEBUG org.asynchttpclient.netty.request.NettyRequestSender - Using open Channel [id: 0x45787a95, L:/127.0.0.1:64534 - R:localhost/127.0.0.1:5948] for GET '/session/63219ae15ab369f44e83d8ce98356a18/url'
15:04:40.834 [AsyncHttpClient-1-2] DEBUG org.asynchttpclient.netty.handler.HttpHandler - 

Request DefaultFullHttpRequest(decodeResult: success, version: HTTP/1.1, content: EmptyByteBufBE)
GET /session/63219ae15ab369f44e83d8ce98356a18/url HTTP/1.1
User-Agent: selenium/4.8.1 (java windows)
Cache-Control: no-cache
Content-Type: application/json; charset=utf-8
host: localhost:5948
accept: */*

Response DefaultHttpResponse(decodeResult: success, version: HTTP/1.1)
HTTP/1.1 200 OK
Content-Length: 78
Content-Type: application/json; charset=utf-8
cache-control: no-cache

15:04:40.835 [AsyncHttpClient-1-2] DEBUG org.asynchttpclient.netty.channel.ChannelManager - Adding key: http://localhost:5948 for channel [id: 0x45787a95, L:/127.0.0.1:64534 - R:localhost/127.0.0.1:5948]
15:04:40.840 [Forwarding screenshot on session 63219ae15ab369f44e83d8ce98356a18 to remote] DEBUG org.asynchttpclient.netty.request.NettyRequestSender - Using pooled Channel '[id: 0x45787a95, L:/127.0.0.1:64534 - R:localhost/127.0.0.1:5948]' for 'GET' to 'http://localhost:5948/session/63219ae15ab369f44e83d8ce98356a18/screenshot'
15:04:40.840 [Forwarding screenshot on session 63219ae15ab369f44e83d8ce98356a18 to remote] DEBUG org.asynchttpclient.netty.request.NettyRequestSender - Using open Channel [id: 0x45787a95, L:/127.0.0.1:64534 - R:localhost/127.0.0.1:5948] for GET '/session/63219ae15ab369f44e83d8ce98356a18/screenshot'
15:04:41.000 [AsyncHttpClient-1-2] DEBUG org.asynchttpclient.netty.handler.HttpHandler - 

Request DefaultFullHttpRequest(decodeResult: success, version: HTTP/1.1, content: EmptyByteBufBE)
GET /session/63219ae15ab369f44e83d8ce98356a18/screenshot HTTP/1.1
User-Agent: selenium/4.8.1 (java windows)
Cache-Control: no-cache
Content-Type: application/json; charset=utf-8
host: localhost:5948
accept: */*

Response DefaultHttpResponse(decodeResult: success, version: HTTP/1.1)
HTTP/1.1 200 OK
Content-Length: 8604
Content-Type: application/json; charset=utf-8
cache-control: no-cache

15:04:41.001 [AsyncHttpClient-1-2] DEBUG org.asynchttpclient.netty.channel.ChannelManager - Adding key: http://localhost:5948 for channel [id: 0x45787a95, L:/127.0.0.1:64534 - R:localhost/127.0.0.1:5948]
15:04:41.146 [main] DEBUG net.serenitybdd.core.photography.Darkroom - Send negative for processing for target\site\serenity\e2aedbb90ffd4b658d8efb97c378dca08967f9dcfbb77a9593c93c2f2845deac.png
15:04:41.150 [Darkroom Processing Line] DEBUG net.serenitybdd.core.photography.DarkroomProcessingLine - Processing screenshot image in /var/screenshots/screenshot-15459836218258494673
15:04:41.150 [Darkroom Processing Line] DEBUG net.serenitybdd.core.photography.DarkroomProcessingLine - Saving screenshot to target\site\serenity\e2aedbb90ffd4b658d8efb97c378dca08967f9dcfbb77a9593c93c2f2845deac.png
15:04:41.173 [Forwarding getPageSource on session 63219ae15ab369f44e83d8ce98356a18 to remote] DEBUG org.asynchttpclient.netty.request.NettyRequestSender - Using pooled Channel '[id: 0x45787a95, L:/127.0.0.1:64534 - R:localhost/127.0.0.1:5948]' for 'POST' to 'http://localhost:5948/session/63219ae15ab369f44e83d8ce98356a18/execute/sync'
15:04:41.173 [Forwarding getPageSource on session 63219ae15ab369f44e83d8ce98356a18 to remote] DEBUG org.asynchttpclient.netty.request.NettyRequestSender - Using open Channel [id: 0x45787a95, L:/127.0.0.1:64534 - R:localhost/127.0.0.1:5948] for POST '/session/63219ae15ab369f44e83d8ce98356a18/execute/sync'
15:04:41.186 [AsyncHttpClient-1-2] DEBUG org.asynchttpclient.netty.handler.HttpHandler - 

Request DefaultHttpRequest(decodeResult: success, version: HTTP/1.1)
POST /session/63219ae15ab369f44e83d8ce98356a18/execute/sync HTTP/1.1
User-Agent: selenium/4.8.1 (java windows)
Content-Length: 176
Content-Type: application/json; charset=utf-8
host: localhost:5948
accept: */*

Response DefaultHttpResponse(decodeResult: success, version: HTTP/1.1)
HTTP/1.1 200 OK
Content-Length: 3659
Content-Type: application/json; charset=utf-8
cache-control: no-cache

15:04:41.187 [AsyncHttpClient-1-2] DEBUG org.asynchttpclient.netty.channel.ChannelManager - Adding key: http://localhost:5948 for channel [id: 0x45787a95, L:/127.0.0.1:64534 - R:localhost/127.0.0.1:5948]
15:04:41.211 [AsyncHttpClient-1-1] DEBUG org.asynchttpclient.netty.channel.DefaultChannelPool - Entry count for : http://localhost:64535 : 1
15:04:41.211 [AsyncHttpClient-1-1] DEBUG org.asynchttpclient.netty.channel.DefaultChannelPool - Entry count for : http://localhost:5948 : 1
15:04:41.307 [Forwarding getCurrentUrl on session 63219ae15ab369f44e83d8ce98356a18 to remote] DEBUG org.asynchttpclient.netty.request.NettyRequestSender - Using pooled Channel '[id: 0x45787a95, L:/127.0.0.1:64534 - R:localhost/127.0.0.1:5948]' for 'GET' to 'http://localhost:5948/session/63219ae15ab369f44e83d8ce98356a18/url'
15:04:41.307 [Forwarding getCurrentUrl on session 63219ae15ab369f44e83d8ce98356a18 to remote] DEBUG org.asynchttpclient.netty.request.NettyRequestSender - Using open Channel [id: 0x45787a95, L:/127.0.0.1:64534 - R:localhost/127.0.0.1:5948] for GET '/session/63219ae15ab369f44e83d8ce98356a18/url'
15:04:41.319 [AsyncHttpClient-1-2] DEBUG org.asynchttpclient.netty.handler.HttpHandler - 

Request DefaultFullHttpRequest(decodeResult: success, version: HTTP/1.1, content: EmptyByteBufBE)
GET /session/63219ae15ab369f44e83d8ce98356a18/url HTTP/1.1
User-Agent: selenium/4.8.1 (java windows)
Cache-Control: no-cache
Content-Type: application/json; charset=utf-8
host: localhost:5948
accept: */*

Response DefaultHttpResponse(decodeResult: success, version: HTTP/1.1)
HTTP/1.1 200 OK
Content-Length: 78
Content-Type: application/json; charset=utf-8
cache-control: no-cache

15:04:41.320 [AsyncHttpClient-1-2] DEBUG org.asynchttpclient.netty.channel.ChannelManager - Adding key: http://localhost:5948 for channel [id: 0x45787a95, L:/127.0.0.1:64534 - R:localhost/127.0.0.1:5948]
15:04:41.388 [Forwarding getAlertText on session 63219ae15ab369f44e83d8ce98356a18 to remote] DEBUG org.asynchttpclient.netty.request.NettyRequestSender - Using pooled Channel '[id: 0x45787a95, L:/127.0.0.1:64534 - R:localhost/127.0.0.1:5948]' for 'GET' to 'http://localhost:5948/session/63219ae15ab369f44e83d8ce98356a18/alert/text'
15:04:41.388 [Forwarding getAlertText on session 63219ae15ab369f44e83d8ce98356a18 to remote] DEBUG org.asynchttpclient.netty.request.NettyRequestSender - Using open Channel [id: 0x45787a95, L:/127.0.0.1:64534 - R:localhost/127.0.0.1:5948] for GET '/session/63219ae15ab369f44e83d8ce98356a18/alert/text'
15:04:41.394 [AsyncHttpClient-1-2] DEBUG org.asynchttpclient.netty.handler.HttpHandler - 

Request DefaultFullHttpRequest(decodeResult: success, version: HTTP/1.1, content: EmptyByteBufBE)
GET /session/63219ae15ab369f44e83d8ce98356a18/alert/text HTTP/1.1
User-Agent: selenium/4.8.1 (java windows)
Cache-Control: no-cache
Content-Type: application/json; charset=utf-8
host: localhost:5948
accept: */*

Response DefaultHttpResponse(decodeResult: success, version: HTTP/1.1)
HTTP/1.1 404 Not Found
Content-Length: 816
Content-Type: application/json; charset=utf-8
cache-control: no-cache

15:04:41.394 [AsyncHttpClient-1-2] DEBUG org.asynchttpclient.netty.channel.ChannelManager - Adding key: http://localhost:5948 for channel [id: 0x45787a95, L:/127.0.0.1:64534 - R:localhost/127.0.0.1:5948]
15:04:41.398 [Forwarding getCurrentUrl on session 63219ae15ab369f44e83d8ce98356a18 to remote] DEBUG org.asynchttpclient.netty.request.NettyRequestSender - Using pooled Channel '[id: 0x45787a95, L:/127.0.0.1:64534 - R:localhost/127.0.0.1:5948]' for 'GET' to 'http://localhost:5948/session/63219ae15ab369f44e83d8ce98356a18/url'
15:04:41.398 [Forwarding getCurrentUrl on session 63219ae15ab369f44e83d8ce98356a18 to remote] DEBUG org.asynchttpclient.netty.request.NettyRequestSender - Using open Channel [id: 0x45787a95, L:/127.0.0.1:64534 - R:localhost/127.0.0.1:5948] for GET '/session/63219ae15ab369f44e83d8ce98356a18/url'
15:04:41.411 [AsyncHttpClient-1-2] DEBUG org.asynchttpclient.netty.handler.HttpHandler - 

Request DefaultFullHttpRequest(decodeResult: success, version: HTTP/1.1, content: EmptyByteBufBE)
GET /session/63219ae15ab369f44e83d8ce98356a18/url HTTP/1.1
User-Agent: selenium/4.8.1 (java windows)
Cache-Control: no-cache
Content-Type: application/json; charset=utf-8
host: localhost:5948
accept: */*

Response DefaultHttpResponse(decodeResult: success, version: HTTP/1.1)
HTTP/1.1 200 OK
Content-Length: 78
Content-Type: application/json; charset=utf-8
cache-control: no-cache

15:04:41.411 [AsyncHttpClient-1-2] DEBUG org.asynchttpclient.netty.channel.ChannelManager - Adding key: http://localhost:5948 for channel [id: 0x45787a95, L:/127.0.0.1:64534 - R:localhost/127.0.0.1:5948]
15:04:41.416 [Forwarding screenshot on session 63219ae15ab369f44e83d8ce98356a18 to remote] DEBUG org.asynchttpclient.netty.request.NettyRequestSender - Using pooled Channel '[id: 0x45787a95, L:/127.0.0.1:64534 - R:localhost/127.0.0.1:5948]' for 'GET' to 'http://localhost:5948/session/63219ae15ab369f44e83d8ce98356a18/screenshot'
15:04:41.417 [Forwarding screenshot on session 63219ae15ab369f44e83d8ce98356a18 to remote] DEBUG org.asynchttpclient.netty.request.NettyRequestSender - Using open Channel [id: 0x45787a95, L:/127.0.0.1:64534 - R:localhost/127.0.0.1:5948] for GET '/session/63219ae15ab369f44e83d8ce98356a18/screenshot'
15:04:41.563 [AsyncHttpClient-1-2] DEBUG org.asynchttpclient.netty.handler.HttpHandler - 

Request DefaultFullHttpRequest(decodeResult: success, version: HTTP/1.1, content: EmptyByteBufBE)
GET /session/63219ae15ab369f44e83d8ce98356a18/screenshot HTTP/1.1
User-Agent: selenium/4.8.1 (java windows)
Cache-Control: no-cache
Content-Type: application/json; charset=utf-8
host: localhost:5948
accept: */*

Response DefaultHttpResponse(decodeResult: success, version: HTTP/1.1)
HTTP/1.1 200 OK
Content-Length: 8604
Content-Type: application/json; charset=utf-8
cache-control: no-cache

15:04:41.563 [AsyncHttpClient-1-2] DEBUG org.asynchttpclient.netty.channel.ChannelManager - Adding key: http://localhost:5948 for channel [id: 0x45787a95, L:/127.0.0.1:64534 - R:localhost/127.0.0.1:5948]
15:04:41.568 [main] DEBUG net.serenitybdd.core.photography.Darkroom - Send negative for processing for target\site\serenity\e2aedbb90ffd4b658d8efb97c378dca08967f9dcfbb77a9593c93c2f2845deac.png
15:04:41.572 [Forwarding getPageSource on session 63219ae15ab369f44e83d8ce98356a18 to remote] DEBUG org.asynchttpclient.netty.request.NettyRequestSender - Using pooled Channel '[id: 0x45787a95, L:/127.0.0.1:64534 - R:localhost/127.0.0.1:5948]' for 'POST' to 'http://localhost:5948/session/63219ae15ab369f44e83d8ce98356a18/execute/sync'
15:04:41.572 [Forwarding getPageSource on session 63219ae15ab369f44e83d8ce98356a18 to remote] DEBUG org.asynchttpclient.netty.request.NettyRequestSender - Using open Channel [id: 0x45787a95, L:/127.0.0.1:64534 - R:localhost/127.0.0.1:5948] for POST '/session/63219ae15ab369f44e83d8ce98356a18/execute/sync'
15:04:41.586 [AsyncHttpClient-1-2] DEBUG org.asynchttpclient.netty.handler.HttpHandler - 

Request DefaultHttpRequest(decodeResult: success, version: HTTP/1.1)
POST /session/63219ae15ab369f44e83d8ce98356a18/execute/sync HTTP/1.1
User-Agent: selenium/4.8.1 (java windows)
Content-Length: 176
Content-Type: application/json; charset=utf-8
host: localhost:5948
accept: */*

Response DefaultHttpResponse(decodeResult: success, version: HTTP/1.1)
HTTP/1.1 200 OK
Content-Length: 3659
Content-Type: application/json; charset=utf-8
cache-control: no-cache

15:04:41.587 [AsyncHttpClient-1-2] DEBUG org.asynchttpclient.netty.channel.ChannelManager - Adding key: http://localhost:5948 for channel [id: 0x45787a95, L:/127.0.0.1:64534 - R:localhost/127.0.0.1:5948]
15:04:41.597 [Forwarding getCurrentUrl on session 63219ae15ab369f44e83d8ce98356a18 to remote] DEBUG org.asynchttpclient.netty.request.NettyRequestSender - Using pooled Channel '[id: 0x45787a95, L:/127.0.0.1:64534 - R:localhost/127.0.0.1:5948]' for 'GET' to 'http://localhost:5948/session/63219ae15ab369f44e83d8ce98356a18/url'
15:04:41.597 [Forwarding getCurrentUrl on session 63219ae15ab369f44e83d8ce98356a18 to remote] DEBUG org.asynchttpclient.netty.request.NettyRequestSender - Using open Channel [id: 0x45787a95, L:/127.0.0.1:64534 - R:localhost/127.0.0.1:5948] for GET '/session/63219ae15ab369f44e83d8ce98356a18/url'
15:04:41.608 [AsyncHttpClient-1-2] DEBUG org.asynchttpclient.netty.handler.HttpHandler - 

Request DefaultFullHttpRequest(decodeResult: success, version: HTTP/1.1, content: EmptyByteBufBE)
GET /session/63219ae15ab369f44e83d8ce98356a18/url HTTP/1.1
User-Agent: selenium/4.8.1 (java windows)
Cache-Control: no-cache
Content-Type: application/json; charset=utf-8
host: localhost:5948
accept: */*

Response DefaultHttpResponse(decodeResult: success, version: HTTP/1.1)
HTTP/1.1 200 OK
Content-Length: 78
Content-Type: application/json; charset=utf-8
cache-control: no-cache

15:04:41.608 [AsyncHttpClient-1-2] DEBUG org.asynchttpclient.netty.channel.ChannelManager - Adding key: http://localhost:5948 for channel [id: 0x45787a95, L:/127.0.0.1:64534 - R:localhost/127.0.0.1:5948]
15:04:41.624 [main] DEBUG net.thucydides.core.steps.StepInterceptor - STARTING STEP: LoginOrangeTest.user_enters_username_as - Enter Username
15:04:41.645 [Forwarding findElement on session 63219ae15ab369f44e83d8ce98356a18 to remote] DEBUG org.asynchttpclient.netty.request.NettyRequestSender - Using pooled Channel '[id: 0x45787a95, L:/127.0.0.1:64534 - R:localhost/127.0.0.1:5948]' for 'POST' to 'http://localhost:5948/session/63219ae15ab369f44e83d8ce98356a18/element'
15:04:41.645 [Forwarding findElement on session 63219ae15ab369f44e83d8ce98356a18 to remote] DEBUG org.asynchttpclient.netty.request.NettyRequestSender - Using open Channel [id: 0x45787a95, L:/127.0.0.1:64534 - R:localhost/127.0.0.1:5948] for POST '/session/63219ae15ab369f44e83d8ce98356a18/element'
15:04:42.151 [AsyncHttpClient-1-2] DEBUG org.asynchttpclient.netty.handler.HttpHandler - 

Request DefaultHttpRequest(decodeResult: success, version: HTTP/1.1)
POST /session/63219ae15ab369f44e83d8ce98356a18/element HTTP/1.1
User-Agent: selenium/4.8.1 (java windows)
Content-Length: 62
Content-Type: application/json; charset=utf-8
host: localhost:5948
accept: */*

Response DefaultHttpResponse(decodeResult: success, version: HTTP/1.1)
HTTP/1.1 200 OK
Content-Length: 88
Content-Type: application/json; charset=utf-8
cache-control: no-cache

15:04:42.151 [AsyncHttpClient-1-2] DEBUG org.asynchttpclient.netty.channel.ChannelManager - Adding key: http://localhost:5948 for channel [id: 0x45787a95, L:/127.0.0.1:64534 - R:localhost/127.0.0.1:5948]
15:04:42.156 [Forwarding sendKeysToElement on session 63219ae15ab369f44e83d8ce98356a18 to remote] DEBUG org.asynchttpclient.netty.request.NettyRequestSender - Using pooled Channel '[id: 0x45787a95, L:/127.0.0.1:64534 - R:localhost/127.0.0.1:5948]' for 'POST' to 'http://localhost:5948/session/63219ae15ab369f44e83d8ce98356a18/element/85fe5ac6-6d73-42e3-8504-591cfd9bbcdb/value'
15:04:42.156 [Forwarding sendKeysToElement on session 63219ae15ab369f44e83d8ce98356a18 to remote] DEBUG org.asynchttpclient.netty.request.NettyRequestSender - Using open Channel [id: 0x45787a95, L:/127.0.0.1:64534 - R:localhost/127.0.0.1:5948] for POST '/session/63219ae15ab369f44e83d8ce98356a18/element/85fe5ac6-6d73-42e3-8504-591cfd9bbcdb/value'
15:04:42.201 [AsyncHttpClient-1-2] DEBUG org.asynchttpclient.netty.handler.HttpHandler - 

Request DefaultHttpRequest(decodeResult: success, version: HTTP/1.1)
POST /session/63219ae15ab369f44e83d8ce98356a18/element/85fe5ac6-6d73-42e3-8504-591cfd9bbcdb/value HTTP/1.1
User-Agent: selenium/4.8.1 (java windows)
Content-Length: 131
Content-Type: application/json; charset=utf-8
host: localhost:5948
accept: */*

Response DefaultHttpResponse(decodeResult: success, version: HTTP/1.1)
HTTP/1.1 200 OK
Content-Length: 14
Content-Type: application/json; charset=utf-8
cache-control: no-cache

15:04:42.201 [AsyncHttpClient-1-2] DEBUG org.asynchttpclient.netty.channel.ChannelManager - Adding key: http://localhost:5948 for channel [id: 0x45787a95, L:/127.0.0.1:64534 - R:localhost/127.0.0.1:5948]
15:04:42.209 [Forwarding getAlertText on session 63219ae15ab369f44e83d8ce98356a18 to remote] DEBUG org.asynchttpclient.netty.request.NettyRequestSender - Using pooled Channel '[id: 0x45787a95, L:/127.0.0.1:64534 - R:localhost/127.0.0.1:5948]' for 'GET' to 'http://localhost:5948/session/63219ae15ab369f44e83d8ce98356a18/alert/text'
15:04:42.210 [Forwarding getAlertText on session 63219ae15ab369f44e83d8ce98356a18 to remote] DEBUG org.asynchttpclient.netty.request.NettyRequestSender - Using open Channel [id: 0x45787a95, L:/127.0.0.1:64534 - R:localhost/127.0.0.1:5948] for GET '/session/63219ae15ab369f44e83d8ce98356a18/alert/text'
15:04:42.213 [AsyncHttpClient-1-2] DEBUG org.asynchttpclient.netty.handler.HttpHandler - 

Request DefaultFullHttpRequest(decodeResult: success, version: HTTP/1.1, content: EmptyByteBufBE)
GET /session/63219ae15ab369f44e83d8ce98356a18/alert/text HTTP/1.1
User-Agent: selenium/4.8.1 (java windows)
Cache-Control: no-cache
Content-Type: application/json; charset=utf-8
host: localhost:5948
accept: */*

Response DefaultHttpResponse(decodeResult: success, version: HTTP/1.1)
HTTP/1.1 404 Not Found
Content-Length: 816
Content-Type: application/json; charset=utf-8
cache-control: no-cache

15:04:42.213 [AsyncHttpClient-1-2] DEBUG org.asynchttpclient.netty.channel.ChannelManager - Adding key: http://localhost:5948 for channel [id: 0x45787a95, L:/127.0.0.1:64534 - R:localhost/127.0.0.1:5948]
15:04:42.215 [Forwarding getCurrentUrl on session 63219ae15ab369f44e83d8ce98356a18 to remote] DEBUG org.asynchttpclient.netty.request.NettyRequestSender - Using pooled Channel '[id: 0x45787a95, L:/127.0.0.1:64534 - R:localhost/127.0.0.1:5948]' for 'GET' to 'http://localhost:5948/session/63219ae15ab369f44e83d8ce98356a18/url'
15:04:42.215 [Forwarding getCurrentUrl on session 63219ae15ab369f44e83d8ce98356a18 to remote] DEBUG org.asynchttpclient.netty.request.NettyRequestSender - Using open Channel [id: 0x45787a95, L:/127.0.0.1:64534 - R:localhost/127.0.0.1:5948] for GET '/session/63219ae15ab369f44e83d8ce98356a18/url'
15:04:42.221 [AsyncHttpClient-1-2] DEBUG org.asynchttpclient.netty.handler.HttpHandler - 

Request DefaultFullHttpRequest(decodeResult: success, version: HTTP/1.1, content: EmptyByteBufBE)
GET /session/63219ae15ab369f44e83d8ce98356a18/url HTTP/1.1
User-Agent: selenium/4.8.1 (java windows)
Cache-Control: no-cache
Content-Type: application/json; charset=utf-8
host: localhost:5948
accept: */*

Response DefaultHttpResponse(decodeResult: success, version: HTTP/1.1)
HTTP/1.1 200 OK
Content-Length: 78
Content-Type: application/json; charset=utf-8
cache-control: no-cache

15:04:42.222 [AsyncHttpClient-1-2] DEBUG org.asynchttpclient.netty.channel.ChannelManager - Adding key: http://localhost:5948 for channel [id: 0x45787a95, L:/127.0.0.1:64534 - R:localhost/127.0.0.1:5948]
15:04:42.223 [Forwarding screenshot on session 63219ae15ab369f44e83d8ce98356a18 to remote] DEBUG org.asynchttpclient.netty.request.NettyRequestSender - Using pooled Channel '[id: 0x45787a95, L:/127.0.0.1:64534 - R:localhost/127.0.0.1:5948]' for 'GET' to 'http://localhost:5948/session/63219ae15ab369f44e83d8ce98356a18/screenshot'
15:04:42.223 [Forwarding screenshot on session 63219ae15ab369f44e83d8ce98356a18 to remote] DEBUG org.asynchttpclient.netty.request.NettyRequestSender - Using open Channel [id: 0x45787a95, L:/127.0.0.1:64534 - R:localhost/127.0.0.1:5948] for GET '/session/63219ae15ab369f44e83d8ce98356a18/screenshot'
15:04:42.314 [AsyncHttpClient-1-1] DEBUG org.asynchttpclient.netty.channel.DefaultChannelPool - Entry count for : http://localhost:64535 : 1
15:04:42.490 [AsyncHttpClient-1-2] DEBUG org.asynchttpclient.netty.handler.HttpHandler - 

Request DefaultFullHttpRequest(decodeResult: success, version: HTTP/1.1, content: EmptyByteBufBE)
GET /session/63219ae15ab369f44e83d8ce98356a18/screenshot HTTP/1.1
User-Agent: selenium/4.8.1 (java windows)
Cache-Control: no-cache
Content-Type: application/json; charset=utf-8
host: localhost:5948
accept: */*

Response DefaultHttpResponse(decodeResult: success, version: HTTP/1.1)
HTTP/1.1 200 OK
Content-Length: 51056
Content-Type: application/json; charset=utf-8
cache-control: no-cache

15:04:42.492 [AsyncHttpClient-1-2] DEBUG org.asynchttpclient.netty.channel.ChannelManager - Adding key: http://localhost:5948 for channel [id: 0x45787a95, L:/127.0.0.1:64534 - R:localhost/127.0.0.1:5948]
15:04:42.498 [main] DEBUG net.serenitybdd.core.photography.Darkroom - Send negative for processing for target\site\serenity\58458918c62f47f0f352b8ad1e4b8c713112b9f1c6ab17fc0aa97d0328f6d64b.png
15:04:42.498 [main] DEBUG net.thucydides.core.steps.StepInterceptor - STEP DONE: Enter Username
  When User enters username as "Admin"   # stepdefinitions.LoginOrangeTest.user_enters_username_as(java.lang.String)
15:04:42.503 [Darkroom Processing Line] DEBUG net.serenitybdd.core.photography.DarkroomProcessingLine - Processing screenshot image in /var/screenshots/screenshot-10751033867719524882
15:04:42.503 [Darkroom Processing Line] DEBUG net.serenitybdd.core.photography.DarkroomProcessingLine - Saving screenshot to target\site\serenity\58458918c62f47f0f352b8ad1e4b8c713112b9f1c6ab17fc0aa97d0328f6d64b.png
15:04:42.523 [Forwarding getPageSource on session 63219ae15ab369f44e83d8ce98356a18 to remote] DEBUG org.asynchttpclient.netty.request.NettyRequestSender - Using pooled Channel '[id: 0x45787a95, L:/127.0.0.1:64534 - R:localhost/127.0.0.1:5948]' for 'POST' to 'http://localhost:5948/session/63219ae15ab369f44e83d8ce98356a18/execute/sync'
15:04:42.523 [Forwarding getPageSource on session 63219ae15ab369f44e83d8ce98356a18 to remote] DEBUG org.asynchttpclient.netty.request.NettyRequestSender - Using open Channel [id: 0x45787a95, L:/127.0.0.1:64534 - R:localhost/127.0.0.1:5948] for POST '/session/63219ae15ab369f44e83d8ce98356a18/execute/sync'
15:04:42.533 [AsyncHttpClient-1-2] DEBUG org.asynchttpclient.netty.handler.HttpHandler - 

Request DefaultHttpRequest(decodeResult: success, version: HTTP/1.1)
POST /session/63219ae15ab369f44e83d8ce98356a18/execute/sync HTTP/1.1
User-Agent: selenium/4.8.1 (java windows)
Content-Length: 176
Content-Type: application/json; charset=utf-8
host: localhost:5948
accept: */*

Response DefaultHttpResponse(decodeResult: success, version: HTTP/1.1)
HTTP/1.1 200 OK
Content-Length: 16083
Content-Type: application/json; charset=utf-8
cache-control: no-cache

15:04:42.534 [AsyncHttpClient-1-2] DEBUG org.asynchttpclient.netty.channel.ChannelManager - Adding key: http://localhost:5948 for channel [id: 0x45787a95, L:/127.0.0.1:64534 - R:localhost/127.0.0.1:5948]
15:04:42.549 [Forwarding getCurrentUrl on session 63219ae15ab369f44e83d8ce98356a18 to remote] DEBUG org.asynchttpclient.netty.request.NettyRequestSender - Using pooled Channel '[id: 0x45787a95, L:/127.0.0.1:64534 - R:localhost/127.0.0.1:5948]' for 'GET' to 'http://localhost:5948/session/63219ae15ab369f44e83d8ce98356a18/url'
15:04:42.549 [Forwarding getCurrentUrl on session 63219ae15ab369f44e83d8ce98356a18 to remote] DEBUG org.asynchttpclient.netty.request.NettyRequestSender - Using open Channel [id: 0x45787a95, L:/127.0.0.1:64534 - R:localhost/127.0.0.1:5948] for GET '/session/63219ae15ab369f44e83d8ce98356a18/url'
15:04:42.555 [AsyncHttpClient-1-2] DEBUG org.asynchttpclient.netty.handler.HttpHandler - 

Request DefaultFullHttpRequest(decodeResult: success, version: HTTP/1.1, content: EmptyByteBufBE)
GET /session/63219ae15ab369f44e83d8ce98356a18/url HTTP/1.1
User-Agent: selenium/4.8.1 (java windows)
Cache-Control: no-cache
Content-Type: application/json; charset=utf-8
host: localhost:5948
accept: */*

Response DefaultHttpResponse(decodeResult: success, version: HTTP/1.1)
HTTP/1.1 200 OK
Content-Length: 78
Content-Type: application/json; charset=utf-8
cache-control: no-cache

15:04:42.556 [AsyncHttpClient-1-2] DEBUG org.asynchttpclient.netty.channel.ChannelManager - Adding key: http://localhost:5948 for channel [id: 0x45787a95, L:/127.0.0.1:64534 - R:localhost/127.0.0.1:5948]
15:04:42.580 [Forwarding getAlertText on session 63219ae15ab369f44e83d8ce98356a18 to remote] DEBUG org.asynchttpclient.netty.request.NettyRequestSender - Using pooled Channel '[id: 0x45787a95, L:/127.0.0.1:64534 - R:localhost/127.0.0.1:5948]' for 'GET' to 'http://localhost:5948/session/63219ae15ab369f44e83d8ce98356a18/alert/text'
15:04:42.580 [Forwarding getAlertText on session 63219ae15ab369f44e83d8ce98356a18 to remote] DEBUG org.asynchttpclient.netty.request.NettyRequestSender - Using open Channel [id: 0x45787a95, L:/127.0.0.1:64534 - R:localhost/127.0.0.1:5948] for GET '/session/63219ae15ab369f44e83d8ce98356a18/alert/text'
15:04:42.582 [AsyncHttpClient-1-2] DEBUG org.asynchttpclient.netty.handler.HttpHandler - 

Request DefaultFullHttpRequest(decodeResult: success, version: HTTP/1.1, content: EmptyByteBufBE)
GET /session/63219ae15ab369f44e83d8ce98356a18/alert/text HTTP/1.1
User-Agent: selenium/4.8.1 (java windows)
Cache-Control: no-cache
Content-Type: application/json; charset=utf-8
host: localhost:5948
accept: */*

Response DefaultHttpResponse(decodeResult: success, version: HTTP/1.1)
HTTP/1.1 404 Not Found
Content-Length: 816
Content-Type: application/json; charset=utf-8
cache-control: no-cache

15:04:42.583 [AsyncHttpClient-1-2] DEBUG org.asynchttpclient.netty.channel.ChannelManager - Adding key: http://localhost:5948 for channel [id: 0x45787a95, L:/127.0.0.1:64534 - R:localhost/127.0.0.1:5948]
15:04:42.584 [Forwarding getCurrentUrl on session 63219ae15ab369f44e83d8ce98356a18 to remote] DEBUG org.asynchttpclient.netty.request.NettyRequestSender - Using pooled Channel '[id: 0x45787a95, L:/127.0.0.1:64534 - R:localhost/127.0.0.1:5948]' for 'GET' to 'http://localhost:5948/session/63219ae15ab369f44e83d8ce98356a18/url'
15:04:42.585 [Forwarding getCurrentUrl on session 63219ae15ab369f44e83d8ce98356a18 to remote] DEBUG org.asynchttpclient.netty.request.NettyRequestSender - Using open Channel [id: 0x45787a95, L:/127.0.0.1:64534 - R:localhost/127.0.0.1:5948] for GET '/session/63219ae15ab369f44e83d8ce98356a18/url'
15:04:42.588 [AsyncHttpClient-1-2] DEBUG org.asynchttpclient.netty.handler.HttpHandler - 

Request DefaultFullHttpRequest(decodeResult: success, version: HTTP/1.1, content: EmptyByteBufBE)
GET /session/63219ae15ab369f44e83d8ce98356a18/url HTTP/1.1
User-Agent: selenium/4.8.1 (java windows)
Cache-Control: no-cache
Content-Type: application/json; charset=utf-8
host: localhost:5948
accept: */*

Response DefaultHttpResponse(decodeResult: success, version: HTTP/1.1)
HTTP/1.1 200 OK
Content-Length: 78
Content-Type: application/json; charset=utf-8
cache-control: no-cache

15:04:42.589 [AsyncHttpClient-1-2] DEBUG org.asynchttpclient.netty.channel.ChannelManager - Adding key: http://localhost:5948 for channel [id: 0x45787a95, L:/127.0.0.1:64534 - R:localhost/127.0.0.1:5948]
15:04:42.590 [Forwarding screenshot on session 63219ae15ab369f44e83d8ce98356a18 to remote] DEBUG org.asynchttpclient.netty.request.NettyRequestSender - Using pooled Channel '[id: 0x45787a95, L:/127.0.0.1:64534 - R:localhost/127.0.0.1:5948]' for 'GET' to 'http://localhost:5948/session/63219ae15ab369f44e83d8ce98356a18/screenshot'
15:04:42.590 [Forwarding screenshot on session 63219ae15ab369f44e83d8ce98356a18 to remote] DEBUG org.asynchttpclient.netty.request.NettyRequestSender - Using open Channel [id: 0x45787a95, L:/127.0.0.1:64534 - R:localhost/127.0.0.1:5948] for GET '/session/63219ae15ab369f44e83d8ce98356a18/screenshot'
15:04:42.718 [AsyncHttpClient-1-2] DEBUG org.asynchttpclient.netty.handler.HttpHandler - 

Request DefaultFullHttpRequest(decodeResult: success, version: HTTP/1.1, content: EmptyByteBufBE)
GET /session/63219ae15ab369f44e83d8ce98356a18/screenshot HTTP/1.1
User-Agent: selenium/4.8.1 (java windows)
Cache-Control: no-cache
Content-Type: application/json; charset=utf-8
host: localhost:5948
accept: */*

Response DefaultHttpResponse(decodeResult: success, version: HTTP/1.1)
HTTP/1.1 200 OK
Content-Length: 88764
Content-Type: application/json; charset=utf-8
cache-control: no-cache

15:04:42.718 [AsyncHttpClient-1-2] DEBUG org.asynchttpclient.netty.channel.ChannelManager - Adding key: http://localhost:5948 for channel [id: 0x45787a95, L:/127.0.0.1:64534 - R:localhost/127.0.0.1:5948]
15:04:42.724 [main] DEBUG net.serenitybdd.core.photography.Darkroom - Send negative for processing for target\site\serenity\fddef8d95a0ab6b734cb9306579458ab8608ab5e3a9b411fcbd1dd8282890694.png
15:04:42.726 [Forwarding getPageSource on session 63219ae15ab369f44e83d8ce98356a18 to remote] DEBUG org.asynchttpclient.netty.request.NettyRequestSender - Using pooled Channel '[id: 0x45787a95, L:/127.0.0.1:64534 - R:localhost/127.0.0.1:5948]' for 'POST' to 'http://localhost:5948/session/63219ae15ab369f44e83d8ce98356a18/execute/sync'
15:04:42.726 [Forwarding getPageSource on session 63219ae15ab369f44e83d8ce98356a18 to remote] DEBUG org.asynchttpclient.netty.request.NettyRequestSender - Using open Channel [id: 0x45787a95, L:/127.0.0.1:64534 - R:localhost/127.0.0.1:5948] for POST '/session/63219ae15ab369f44e83d8ce98356a18/execute/sync'
15:04:42.726 [Darkroom Processing Line] DEBUG net.serenitybdd.core.photography.DarkroomProcessingLine - Processing screenshot image in /var/screenshots/screenshot-7076825214113036006
15:04:42.726 [Darkroom Processing Line] DEBUG net.serenitybdd.core.photography.DarkroomProcessingLine - Saving screenshot to target\site\serenity\fddef8d95a0ab6b734cb9306579458ab8608ab5e3a9b411fcbd1dd8282890694.png
15:04:42.733 [AsyncHttpClient-1-2] DEBUG org.asynchttpclient.netty.handler.HttpHandler - 

Request DefaultHttpRequest(decodeResult: success, version: HTTP/1.1)
POST /session/63219ae15ab369f44e83d8ce98356a18/execute/sync HTTP/1.1
User-Agent: selenium/4.8.1 (java windows)
Content-Length: 176
Content-Type: application/json; charset=utf-8
host: localhost:5948
accept: */*

Response DefaultHttpResponse(decodeResult: success, version: HTTP/1.1)
HTTP/1.1 200 OK
Content-Length: 16083
Content-Type: application/json; charset=utf-8
cache-control: no-cache

15:04:42.733 [AsyncHttpClient-1-2] DEBUG org.asynchttpclient.netty.channel.ChannelManager - Adding key: http://localhost:5948 for channel [id: 0x45787a95, L:/127.0.0.1:64534 - R:localhost/127.0.0.1:5948]
15:04:42.739 [Forwarding getCurrentUrl on session 63219ae15ab369f44e83d8ce98356a18 to remote] DEBUG org.asynchttpclient.netty.request.NettyRequestSender - Using pooled Channel '[id: 0x45787a95, L:/127.0.0.1:64534 - R:localhost/127.0.0.1:5948]' for 'GET' to 'http://localhost:5948/session/63219ae15ab369f44e83d8ce98356a18/url'
15:04:42.739 [Forwarding getCurrentUrl on session 63219ae15ab369f44e83d8ce98356a18 to remote] DEBUG org.asynchttpclient.netty.request.NettyRequestSender - Using open Channel [id: 0x45787a95, L:/127.0.0.1:64534 - R:localhost/127.0.0.1:5948] for GET '/session/63219ae15ab369f44e83d8ce98356a18/url'
15:04:42.743 [AsyncHttpClient-1-2] DEBUG org.asynchttpclient.netty.handler.HttpHandler - 

Request DefaultFullHttpRequest(decodeResult: success, version: HTTP/1.1, content: EmptyByteBufBE)
GET /session/63219ae15ab369f44e83d8ce98356a18/url HTTP/1.1
User-Agent: selenium/4.8.1 (java windows)
Cache-Control: no-cache
Content-Type: application/json; charset=utf-8
host: localhost:5948
accept: */*

Response DefaultHttpResponse(decodeResult: success, version: HTTP/1.1)
HTTP/1.1 200 OK
Content-Length: 78
Content-Type: application/json; charset=utf-8
cache-control: no-cache

15:04:42.743 [AsyncHttpClient-1-2] DEBUG org.asynchttpclient.netty.channel.ChannelManager - Adding key: http://localhost:5948 for channel [id: 0x45787a95, L:/127.0.0.1:64534 - R:localhost/127.0.0.1:5948]
15:04:42.750 [main] DEBUG net.thucydides.core.steps.StepInterceptor - STARTING STEP: LoginOrangeTest.user_enters_password_as - Enter Password
15:04:42.753 [Forwarding findElement on session 63219ae15ab369f44e83d8ce98356a18 to remote] DEBUG org.asynchttpclient.netty.request.NettyRequestSender - Using pooled Channel '[id: 0x45787a95, L:/127.0.0.1:64534 - R:localhost/127.0.0.1:5948]' for 'POST' to 'http://localhost:5948/session/63219ae15ab369f44e83d8ce98356a18/element'
15:04:42.753 [Forwarding findElement on session 63219ae15ab369f44e83d8ce98356a18 to remote] DEBUG org.asynchttpclient.netty.request.NettyRequestSender - Using open Channel [id: 0x45787a95, L:/127.0.0.1:64534 - R:localhost/127.0.0.1:5948] for POST '/session/63219ae15ab369f44e83d8ce98356a18/element'
15:04:42.765 [AsyncHttpClient-1-2] DEBUG org.asynchttpclient.netty.handler.HttpHandler - 

Request DefaultHttpRequest(decodeResult: success, version: HTTP/1.1)
POST /session/63219ae15ab369f44e83d8ce98356a18/element HTTP/1.1
User-Agent: selenium/4.8.1 (java windows)
Content-Length: 62
Content-Type: application/json; charset=utf-8
host: localhost:5948
accept: */*

Response DefaultHttpResponse(decodeResult: success, version: HTTP/1.1)
HTTP/1.1 200 OK
Content-Length: 88
Content-Type: application/json; charset=utf-8
cache-control: no-cache

15:04:42.765 [AsyncHttpClient-1-2] DEBUG org.asynchttpclient.netty.channel.ChannelManager - Adding key: http://localhost:5948 for channel [id: 0x45787a95, L:/127.0.0.1:64534 - R:localhost/127.0.0.1:5948]
15:04:42.767 [Forwarding sendKeysToElement on session 63219ae15ab369f44e83d8ce98356a18 to remote] DEBUG org.asynchttpclient.netty.request.NettyRequestSender - Using pooled Channel '[id: 0x45787a95, L:/127.0.0.1:64534 - R:localhost/127.0.0.1:5948]' for 'POST' to 'http://localhost:5948/session/63219ae15ab369f44e83d8ce98356a18/element/81716b83-7677-4123-a2e7-167e1e5a1301/value'
15:04:42.768 [Forwarding sendKeysToElement on session 63219ae15ab369f44e83d8ce98356a18 to remote] DEBUG org.asynchttpclient.netty.request.NettyRequestSender - Using open Channel [id: 0x45787a95, L:/127.0.0.1:64534 - R:localhost/127.0.0.1:5948] for POST '/session/63219ae15ab369f44e83d8ce98356a18/element/81716b83-7677-4123-a2e7-167e1e5a1301/value'
15:04:42.832 [AsyncHttpClient-1-2] DEBUG org.asynchttpclient.netty.handler.HttpHandler - 

Request DefaultHttpRequest(decodeResult: success, version: HTTP/1.1)
POST /session/63219ae15ab369f44e83d8ce98356a18/element/81716b83-7677-4123-a2e7-167e1e5a1301/value HTTP/1.1
User-Agent: selenium/4.8.1 (java windows)
Content-Length: 161
Content-Type: application/json; charset=utf-8
host: localhost:5948
accept: */*

Response DefaultHttpResponse(decodeResult: success, version: HTTP/1.1)
HTTP/1.1 200 OK
Content-Length: 14
Content-Type: application/json; charset=utf-8
cache-control: no-cache

15:04:42.832 [AsyncHttpClient-1-2] DEBUG org.asynchttpclient.netty.channel.ChannelManager - Adding key: http://localhost:5948 for channel [id: 0x45787a95, L:/127.0.0.1:64534 - R:localhost/127.0.0.1:5948]
15:04:42.838 [Forwarding getAlertText on session 63219ae15ab369f44e83d8ce98356a18 to remote] DEBUG org.asynchttpclient.netty.request.NettyRequestSender - Using pooled Channel '[id: 0x45787a95, L:/127.0.0.1:64534 - R:localhost/127.0.0.1:5948]' for 'GET' to 'http://localhost:5948/session/63219ae15ab369f44e83d8ce98356a18/alert/text'
15:04:42.838 [Forwarding getAlertText on session 63219ae15ab369f44e83d8ce98356a18 to remote] DEBUG org.asynchttpclient.netty.request.NettyRequestSender - Using open Channel [id: 0x45787a95, L:/127.0.0.1:64534 - R:localhost/127.0.0.1:5948] for GET '/session/63219ae15ab369f44e83d8ce98356a18/alert/text'
15:04:42.841 [AsyncHttpClient-1-2] DEBUG org.asynchttpclient.netty.handler.HttpHandler - 

Request DefaultFullHttpRequest(decodeResult: success, version: HTTP/1.1, content: EmptyByteBufBE)
GET /session/63219ae15ab369f44e83d8ce98356a18/alert/text HTTP/1.1
User-Agent: selenium/4.8.1 (java windows)
Cache-Control: no-cache
Content-Type: application/json; charset=utf-8
host: localhost:5948
accept: */*

Response DefaultHttpResponse(decodeResult: success, version: HTTP/1.1)
HTTP/1.1 404 Not Found
Content-Length: 816
Content-Type: application/json; charset=utf-8
cache-control: no-cache

15:04:42.841 [AsyncHttpClient-1-2] DEBUG org.asynchttpclient.netty.channel.ChannelManager - Adding key: http://localhost:5948 for channel [id: 0x45787a95, L:/127.0.0.1:64534 - R:localhost/127.0.0.1:5948]
15:04:42.845 [Forwarding getCurrentUrl on session 63219ae15ab369f44e83d8ce98356a18 to remote] DEBUG org.asynchttpclient.netty.request.NettyRequestSender - Using pooled Channel '[id: 0x45787a95, L:/127.0.0.1:64534 - R:localhost/127.0.0.1:5948]' for 'GET' to 'http://localhost:5948/session/63219ae15ab369f44e83d8ce98356a18/url'
15:04:42.845 [Forwarding getCurrentUrl on session 63219ae15ab369f44e83d8ce98356a18 to remote] DEBUG org.asynchttpclient.netty.request.NettyRequestSender - Using open Channel [id: 0x45787a95, L:/127.0.0.1:64534 - R:localhost/127.0.0.1:5948] for GET '/session/63219ae15ab369f44e83d8ce98356a18/url'
15:04:42.850 [AsyncHttpClient-1-2] DEBUG org.asynchttpclient.netty.handler.HttpHandler - 

Request DefaultFullHttpRequest(decodeResult: success, version: HTTP/1.1, content: EmptyByteBufBE)
GET /session/63219ae15ab369f44e83d8ce98356a18/url HTTP/1.1
User-Agent: selenium/4.8.1 (java windows)
Cache-Control: no-cache
Content-Type: application/json; charset=utf-8
host: localhost:5948
accept: */*

Response DefaultHttpResponse(decodeResult: success, version: HTTP/1.1)
HTTP/1.1 200 OK
Content-Length: 78
Content-Type: application/json; charset=utf-8
cache-control: no-cache

15:04:42.850 [AsyncHttpClient-1-2] DEBUG org.asynchttpclient.netty.channel.ChannelManager - Adding key: http://localhost:5948 for channel [id: 0x45787a95, L:/127.0.0.1:64534 - R:localhost/127.0.0.1:5948]
15:04:42.852 [Forwarding screenshot on session 63219ae15ab369f44e83d8ce98356a18 to remote] DEBUG org.asynchttpclient.netty.request.NettyRequestSender - Using pooled Channel '[id: 0x45787a95, L:/127.0.0.1:64534 - R:localhost/127.0.0.1:5948]' for 'GET' to 'http://localhost:5948/session/63219ae15ab369f44e83d8ce98356a18/screenshot'
15:04:42.852 [Forwarding screenshot on session 63219ae15ab369f44e83d8ce98356a18 to remote] DEBUG org.asynchttpclient.netty.request.NettyRequestSender - Using open Channel [id: 0x45787a95, L:/127.0.0.1:64534 - R:localhost/127.0.0.1:5948] for GET '/session/63219ae15ab369f44e83d8ce98356a18/screenshot'
15:04:42.994 [AsyncHttpClient-1-2] DEBUG org.asynchttpclient.netty.handler.HttpHandler - 

Request DefaultFullHttpRequest(decodeResult: success, version: HTTP/1.1, content: EmptyByteBufBE)
GET /session/63219ae15ab369f44e83d8ce98356a18/screenshot HTTP/1.1
User-Agent: selenium/4.8.1 (java windows)
Cache-Control: no-cache
Content-Type: application/json; charset=utf-8
host: localhost:5948
accept: */*

Response DefaultHttpResponse(decodeResult: success, version: HTTP/1.1)
HTTP/1.1 200 OK
Content-Length: 85776
Content-Type: application/json; charset=utf-8
cache-control: no-cache

15:04:42.995 [AsyncHttpClient-1-2] DEBUG org.asynchttpclient.netty.channel.ChannelManager - Adding key: http://localhost:5948 for channel [id: 0x45787a95, L:/127.0.0.1:64534 - R:localhost/127.0.0.1:5948]
15:04:43.001 [main] DEBUG net.serenitybdd.core.photography.Darkroom - Send negative for processing for target\site\serenity\1f641d60e99ae5e9b4b41087d4928fed38e32037b3425301848858dfd29d772c.png
15:04:43.002 [main] DEBUG net.thucydides.core.steps.StepInterceptor - STEP DONE: Enter Password
  And User enters password as "admin123" # stepdefinitions.LoginOrangeTest.user_enters_password_as(java.lang.String)
15:04:43.003 [Darkroom Processing Line] DEBUG net.serenitybdd.core.photography.DarkroomProcessingLine - Processing screenshot image in /var/screenshots/screenshot-12316910184553862764
15:04:43.004 [Darkroom Processing Line] DEBUG net.serenitybdd.core.photography.DarkroomProcessingLine - Saving screenshot to target\site\serenity\1f641d60e99ae5e9b4b41087d4928fed38e32037b3425301848858dfd29d772c.png
15:04:43.013 [main] INFO  - 
  _____   ___   ___   _____     ___     _     ___   ___   ___   ___  
 |_   _| | __| / __| |_   _|   | _ \   /_\   / __| / __| | __| |   \ 
   | |   | _|  \__ \   | |     |  _/  / _ \  \__ \ \__ \ | _|  | |) |
   |_|   |___| |___/   |_|     |_|   /_/ \_\ |___/ |___/ |___| |___/ 

Login with valid credentials
----------------------------------------------------------------------
15:04:43.085 [Driver Command Executor] DEBUG org.asynchttpclient.netty.request.NettyRequestSender - Using pooled Channel '[id: 0x45787a95, L:/127.0.0.1:64534 - R:localhost/127.0.0.1:5948]' for 'DELETE' to 'http://localhost:5948/session/63219ae15ab369f44e83d8ce98356a18'
15:04:43.085 [Driver Command Executor] DEBUG org.asynchttpclient.netty.request.NettyRequestSender - Using open Channel [id: 0x45787a95, L:/127.0.0.1:64534 - R:localhost/127.0.0.1:5948] for DELETE '/session/63219ae15ab369f44e83d8ce98356a18'
15:04:43.211 [AsyncHttpClient-1-4] DEBUG org.asynchttpclient.netty.handler.WebSocketHandler - Unexpected I/O exception on channel [id: 0xc36b3932, L:/127.0.0.1:64543 - R:localhost/127.0.0.1:64535]
java.net.SocketException: Connection reset
	at java.base/sun.nio.ch.SocketChannelImpl.throwConnectionReset(SocketChannelImpl.java:401)
	at java.base/sun.nio.ch.SocketChannelImpl.read(SocketChannelImpl.java:434)
	at io.netty.buffer.PooledByteBuf.setBytes(PooledByteBuf.java:259)
	at io.netty.buffer.AbstractByteBuf.writeBytes(AbstractByteBuf.java:1132)
	at io.netty.channel.socket.nio.NioSocketChannel.doReadBytes(NioSocketChannel.java:357)
	at io.netty.channel.nio.AbstractNioByteChannel$NioByteUnsafe.read(AbstractNioByteChannel.java:151)
	at io.netty.channel.nio.NioEventLoop.processSelectedKey(NioEventLoop.java:788)
	at io.netty.channel.nio.NioEventLoop.processSelectedKeysOptimized(NioEventLoop.java:724)
	at io.netty.channel.nio.NioEventLoop.processSelectedKeys(NioEventLoop.java:650)
	at io.netty.channel.nio.NioEventLoop.run(NioEventLoop.java:562)
	at io.netty.util.concurrent.SingleThreadEventExecutor$4.run(SingleThreadEventExecutor.java:997)
	at io.netty.util.internal.ThreadExecutorMap$2.run(ThreadExecutorMap.java:74)
	at io.netty.util.concurrent.FastThreadLocalRunnable.run(FastThreadLocalRunnable.java:30)
	at java.base/java.lang.Thread.run(Thread.java:1589)
15:04:43.211 [AsyncHttpClient-1-3] DEBUG org.asynchttpclient.netty.handler.HttpHandler - Unexpected I/O exception on channel [id: 0x4d28e212, L:/127.0.0.1:64541 - R:localhost/127.0.0.1:64535]
java.net.SocketException: Connection reset
	at java.base/sun.nio.ch.SocketChannelImpl.throwConnectionReset(SocketChannelImpl.java:401)
	at java.base/sun.nio.ch.SocketChannelImpl.read(SocketChannelImpl.java:434)
	at io.netty.buffer.PooledByteBuf.setBytes(PooledByteBuf.java:259)
	at io.netty.buffer.AbstractByteBuf.writeBytes(AbstractByteBuf.java:1132)
	at io.netty.channel.socket.nio.NioSocketChannel.doReadBytes(NioSocketChannel.java:357)
	at io.netty.channel.nio.AbstractNioByteChannel$NioByteUnsafe.read(AbstractNioByteChannel.java:151)
	at io.netty.channel.nio.NioEventLoop.processSelectedKey(NioEventLoop.java:788)
	at io.netty.channel.nio.NioEventLoop.processSelectedKeysOptimized(NioEventLoop.java:724)
	at io.netty.channel.nio.NioEventLoop.processSelectedKeys(NioEventLoop.java:650)
	at io.netty.channel.nio.NioEventLoop.run(NioEventLoop.java:562)
	at io.netty.util.concurrent.SingleThreadEventExecutor$4.run(SingleThreadEventExecutor.java:997)
	at io.netty.util.internal.ThreadExecutorMap$2.run(ThreadExecutorMap.java:74)
	at io.netty.util.concurrent.FastThreadLocalRunnable.run(FastThreadLocalRunnable.java:30)
	at java.base/java.lang.Thread.run(Thread.java:1589)
15:04:43.211 [AsyncHttpClient-1-3] DEBUG org.asynchttpclient.netty.channel.ChannelManager - Closing Channel [id: 0x4d28e212, L:/127.0.0.1:64541 - R:localhost/127.0.0.1:64535] 
15:04:43.212 [AsyncHttpClient-1-4] DEBUG org.asynchttpclient.netty.handler.WebSocketHandler - Was unable to recover Future: NettyResponseFuture{currentRetry=0,
	isDone=1,
	isCancelled=0,
	asyncHandler=org.asynchttpclient.ws.WebSocketUpgradeHandler@482ec1b,
	nettyRequest=org.asynchttpclient.netty.request.NettyRequest@692dc858,
	future=java.util.concurrent.CompletableFuture@7b8ae0be[Completed normally],
	uri=ws://localhost:64535/devtools/browser/211b97f6-ca9e-4b10-9b8e-902fb469845c,
	keepAlive=true,
	redirectCount=0,
	timeoutsHolder=null,
	inAuth=0,
	touch=1682933683211}
15:04:43.212 [AsyncHttpClient-1-4] DEBUG org.asynchttpclient.netty.channel.ChannelManager - Closing Channel [id: 0xc36b3932, L:/127.0.0.1:64543 - R:localhost/127.0.0.1:64535] 
15:04:43.213 [AsyncHttpClient-1-4] WARN org.asynchttpclient.netty.handler.WebSocketHandler - onError
java.net.SocketException: Connection reset
	at java.base/sun.nio.ch.SocketChannelImpl.throwConnectionReset(SocketChannelImpl.java:401)
	at java.base/sun.nio.ch.SocketChannelImpl.read(SocketChannelImpl.java:434)
	at io.netty.buffer.PooledByteBuf.setBytes(PooledByteBuf.java:259)
	at io.netty.buffer.AbstractByteBuf.writeBytes(AbstractByteBuf.java:1132)
	at io.netty.channel.socket.nio.NioSocketChannel.doReadBytes(NioSocketChannel.java:357)
	at io.netty.channel.nio.AbstractNioByteChannel$NioByteUnsafe.read(AbstractNioByteChannel.java:151)
	at io.netty.channel.nio.NioEventLoop.processSelectedKey(NioEventLoop.java:788)
	at io.netty.channel.nio.NioEventLoop.processSelectedKeysOptimized(NioEventLoop.java:724)
	at io.netty.channel.nio.NioEventLoop.processSelectedKeys(NioEventLoop.java:650)
	at io.netty.channel.nio.NioEventLoop.run(NioEventLoop.java:562)
	at io.netty.util.concurrent.SingleThreadEventExecutor$4.run(SingleThreadEventExecutor.java:997)
	at io.netty.util.internal.ThreadExecutorMap$2.run(ThreadExecutorMap.java:74)
	at io.netty.util.concurrent.FastThreadLocalRunnable.run(FastThreadLocalRunnable.java:30)
	at java.base/java.lang.Thread.run(Thread.java:1589)
15:04:43.217 [AsyncHttpClient-1-3] DEBUG org.asynchttpclient.netty.handler.HttpHandler - Channel Closed: [id: 0x4d28e212, L:/127.0.0.1:64541 ! R:localhost/127.0.0.1:64535] with attribute DISCARD
15:04:43.220 [AsyncHttpClient-1-4] DEBUG org.asynchttpclient.netty.channel.ChannelManager - Closing Channel [id: 0xc36b3932, L:/127.0.0.1:64543 ! R:localhost/127.0.0.1:64535] 
15:04:43.220 [AsyncHttpClient-1-4] DEBUG org.asynchttpclient.netty.handler.WebSocketHandler - Channel Closed: [id: 0xc36b3932, L:/127.0.0.1:64543 ! R:localhost/127.0.0.1:64535] with attribute DISCARD
15:04:43.244 [AsyncHttpClient-1-2] DEBUG org.asynchttpclient.netty.handler.HttpHandler - 

Request DefaultFullHttpRequest(decodeResult: success, version: HTTP/1.1, content: EmptyByteBufBE)
DELETE /session/63219ae15ab369f44e83d8ce98356a18 HTTP/1.1
User-Agent: selenium/4.8.1 (java windows)
Content-Type: application/json; charset=utf-8
host: localhost:5948
accept: */*

Response DefaultHttpResponse(decodeResult: success, version: HTTP/1.1)
HTTP/1.1 200 OK
Content-Length: 14
Content-Type: application/json; charset=utf-8
cache-control: no-cache

15:04:43.244 [AsyncHttpClient-1-2] DEBUG org.asynchttpclient.netty.channel.ChannelManager - Adding key: http://localhost:5948 for channel [id: 0x45787a95, L:/127.0.0.1:64534 - R:localhost/127.0.0.1:5948]
15:04:43.416 [AsyncHttpClient-1-1] DEBUG org.asynchttpclient.netty.channel.DefaultChannelPool - Entry count for : http://localhost:64535 : 1
15:04:43.416 [AsyncHttpClient-1-1] DEBUG org.asynchttpclient.netty.channel.DefaultChannelPool - Entry count for : http://localhost:5948 : 1
15:04:43.416 [AsyncHttpClient-1-1] DEBUG org.asynchttpclient.netty.channel.DefaultChannelPool - Adding Candidate expired Channel [id: 0x4d28e212, L:/127.0.0.1:64541 ! R:localhost/127.0.0.1:64535] isIdleTimeoutExpired=false isRemotelyClosed=true isTtlExpired=false
15:04:43.417 [AsyncHttpClient-1-1] DEBUG org.asynchttpclient.netty.channel.DefaultChannelPool - Closing Idle Channel [id: 0x4d28e212, L:/127.0.0.1:64541 ! R:localhost/127.0.0.1:64535]
15:04:43.418 [AsyncHttpClient-1-1] DEBUG org.asynchttpclient.netty.channel.DefaultChannelPool - Closed 1 connections out of 2 in 2 ms
15:04:44.050 [AsyncHttpClient-1-2] DEBUG org.asynchttpclient.netty.handler.HttpHandler - Channel Closed: [id: 0x45787a95, L:/127.0.0.1:64534 ! R:localhost/127.0.0.1:5948] with attribute DISCARD
]]></system-out>
    <system-err><![CDATA[Starting ChromeDriver 111.0.5563.64 (c710e93d5b63b7095afe8c2c17df34408078439d-refs/branch-heads/5563@{#995}) on port 5948
Only local connections are allowed.
Please see https://chromedriver.chromium.org/security-considerations for suggestions on keeping ChromeDriver safe.
ChromeDriver was started successfully.
[1682933672.496][WARNING]: This version of ChromeDriver has not been tested with Chrome version 112.
May 01, 2023 3:04:32 PM org.openqa.selenium.devtools.CdpVersionFinder findNearestMatch
WARNING: Unable to find an exact match for CDP version 112, so returning the closest version found: 110
May 01, 2023 3:04:43 PM org.openqa.selenium.remote.http.WebSocket$Listener onError
WARNING: Connection reset
java.net.SocketException: Connection reset
	at java.base/sun.nio.ch.SocketChannelImpl.throwConnectionReset(SocketChannelImpl.java:401)
	at java.base/sun.nio.ch.SocketChannelImpl.read(SocketChannelImpl.java:434)
	at io.netty.buffer.PooledByteBuf.setBytes(PooledByteBuf.java:259)
	at io.netty.buffer.AbstractByteBuf.writeBytes(AbstractByteBuf.java:1132)
	at io.netty.channel.socket.nio.NioSocketChannel.doReadBytes(NioSocketChannel.java:357)
	at io.netty.channel.nio.AbstractNioByteChannel$NioByteUnsafe.read(AbstractNioByteChannel.java:151)
	at io.netty.channel.nio.NioEventLoop.processSelectedKey(NioEventLoop.java:788)
	at io.netty.channel.nio.NioEventLoop.processSelectedKeysOptimized(NioEventLoop.java:724)
	at io.netty.channel.nio.NioEventLoop.processSelectedKeys(NioEventLoop.java:650)
	at io.netty.channel.nio.NioEventLoop.run(NioEventLoop.java:562)
	at io.netty.util.concurrent.SingleThreadEventExecutor$4.run(SingleThreadEventExecutor.java:997)
	at io.netty.util.internal.ThreadExecutorMap$2.run(ThreadExecutorMap.java:74)
	at io.netty.util.concurrent.FastThreadLocalRunnable.run(FastThreadLocalRunnable.java:30)
	at java.base/java.lang.Thread.run(Thread.java:1589)

]]></system-err>
  </testcase>
  <testcase name="Login with invalid credentials #1" classname="Login to HRM" time="13.33">
    <error type="org.openqa.selenium.NoSuchElementException"><![CDATA[org.openqa.selenium.NoSuchElementException: 
no such element: Unable to locate element: {"method":"xpath","selector":"//*[@id='app']/div[1]/div/div[1]/div/div[2]/div[2]/div/div[1]/div[1]/p"}
  (Session info: chrome=112.0.5615.138)
For documentation on this error, please visit: https://selenium.dev/exceptions/#no_such_element
Build info: version: '4.8.1', revision: '8ebccac989'
System info: os.name: 'Windows 11', os.arch: 'amd64', os.version: '10.0', java.version: '19'
Driver info: org.openqa.selenium.chrome.ChromeDriver
Command: [888b3365caf0b6cfb59f6db950351f06, findElement {using=xpath, value=//*[@id='app']/div[1]/div/div[1]/div/div[2]/div[2]/div/div[1]/div[1]/p}]
Capabilities {acceptInsecureCerts: false, browserName: chrome, browserVersion: 112.0.5615.138, chrome: {chromedriverVersion: 111.0.5563.64 (c710e93d5b63..., userDataDir: C:\Users\VIJAYA~1.RAJ\AppDa...}, goog:chromeOptions: {debuggerAddress: localhost:64559}, networkConnectionEnabled: false, pageLoadStrategy: normal, platformName: WINDOWS, proxy: Proxy(), se:cdp: ws://localhost:64559/devtoo..., se:cdpVersion: 112.0.5615.138, setWindowRect: true, strictFileInteractability: false, timeouts: {implicit: 0, pageLoad: 300000, script: 30000}, unhandledPromptBehavior: dismiss and notify, webauthn:extension:credBlob: true, webauthn:extension:largeBlob: true, webauthn:extension:minPinLength: true, webauthn:extension:prf: true, webauthn:virtualAuthenticators: true}
Session ID: 888b3365caf0b6cfb59f6db950351f06
]]></error>
    <system-out><![CDATA[
@InValidCredentials
Scenario Outline: Login with invalid credentials                      # Features/LoginOrange.feature:19
15:04:44.156 [main] DEBUG io.cucumber.core.plugin.SerenityReporter - Running feature from file:///C:/Users/vijayalaxmi.rajaa/eclipse-workspace/SerenityProject/Features/LoginOrange.feature
15:04:44.156 [main] WARN io.cucumber.core.plugin.SerenityReporter - Feature from file:///C:/Users/vijayalaxmi.rajaa/eclipse-workspace/SerenityProject/Features/LoginOrange.feature is not under the 'features' directory. Requirements report will not be correctly generated!
15:04:44.173 [main] INFO  - 
  _____   ___   ___   _____     ___   _____     _     ___   _____   ___   ___  
 |_   _| | __| / __| |_   _|   / __| |_   _|   /_\   | _ \ |_   _| | __| |   \ 
   | |   | _|  \__ \   | |     \__ \   | |    / _ \  |   /   | |   | _|  | |) |
   |_|   |___| |___/   |_|     |___/   |_|   /_/ \_\ |_|_\   |_|   |___| |___/ 

Login with invalid credentials(login-to-hrm;login-with-invalid-credentials)
--------------------------------------------------------------------------------
15:04:44.318 [main] INFO net.serenitybdd.core.webdriver.driverproviders.ChromeDriverProvider - Starting Chrome driver instance with capabilities:
15:04:44.320 [main] INFO net.serenitybdd.core.webdriver.driverproviders.ChromeDriverProvider - Capabilities {acceptInsecureCerts: false, browserName: chrome, goog:chromeOptions: {args: [remote-allow-origins=*], extensions: []}}
15:04:44.516 [AsyncHttpClient-1-1] DEBUG org.asynchttpclient.netty.channel.DefaultChannelPool - Entry count for : http://localhost:5948 : 1
15:04:44.517 [AsyncHttpClient-1-1] DEBUG org.asynchttpclient.netty.channel.DefaultChannelPool - Adding Candidate expired Channel [id: 0x45787a95, L:/127.0.0.1:64534 ! R:localhost/127.0.0.1:5948] isIdleTimeoutExpired=false isRemotelyClosed=true isTtlExpired=false
15:04:44.517 [AsyncHttpClient-1-1] DEBUG org.asynchttpclient.netty.channel.DefaultChannelPool - Closing Idle Channel [id: 0x45787a95, L:/127.0.0.1:64534 ! R:localhost/127.0.0.1:5948]
15:04:44.517 [AsyncHttpClient-1-1] DEBUG org.asynchttpclient.netty.channel.DefaultChannelPool - Closed 1 connections out of 1 in 0 ms
15:04:45.345 [AsyncHttpClient-1-5] DEBUG org.asynchttpclient.netty.channel.NettyConnectListener - Using new Channel '[id: 0x075cee92, L:/127.0.0.1:64558 - R:localhost/127.0.0.1:47734]' for 'POST' to '/session'
15:04:46.300 [AsyncHttpClient-1-5] DEBUG org.asynchttpclient.netty.handler.HttpHandler - 

Request DefaultHttpRequest(decodeResult: success, version: HTTP/1.1)
POST /session HTTP/1.1
User-Agent: selenium/4.8.1 (java windows)
Content-Length: 507
Content-Type: application/json; charset=utf-8
host: localhost:47734
accept: */*

Response DefaultHttpResponse(decodeResult: success, version: HTTP/1.1)
HTTP/1.1 200 OK
Content-Length: 866
Content-Type: application/json; charset=utf-8
cache-control: no-cache

15:04:46.300 [AsyncHttpClient-1-5] DEBUG org.asynchttpclient.netty.channel.ChannelManager - Adding key: http://localhost:47734 for channel [id: 0x075cee92, L:/127.0.0.1:64558 - R:localhost/127.0.0.1:47734]
15:04:46.308 [AsyncHttpClient-1-6] DEBUG org.asynchttpclient.netty.channel.NettyConnectListener - Using new Channel '[id: 0x80c7661a, L:/127.0.0.1:64565 - R:localhost/127.0.0.1:64559]' for 'GET' to '/json/version'
15:04:46.313 [AsyncHttpClient-1-6] DEBUG org.asynchttpclient.netty.handler.HttpHandler - 

Request DefaultFullHttpRequest(decodeResult: success, version: HTTP/1.1, content: EmptyByteBufBE)
GET /json/version HTTP/1.1
User-Agent: selenium/4.8.1 (java windows)
host: localhost:64559
accept: */*

Response DefaultHttpResponse(decodeResult: success, version: HTTP/1.1)
HTTP/1.1 200 OK
Content-Security-Policy: frame-ancestors 'none'
Content-Length: 424
Content-Type: application/json; charset=UTF-8

15:04:46.314 [AsyncHttpClient-1-6] DEBUG org.asynchttpclient.netty.channel.ChannelManager - Adding key: http://localhost:64559 for channel [id: 0x80c7661a, L:/127.0.0.1:64565 - R:localhost/127.0.0.1:64559]
15:04:46.321 [AsyncHttpClient-1-7] DEBUG org.asynchttpclient.netty.channel.NettyConnectListener - Using new Channel '[id: 0x13f63613, L:/127.0.0.1:64566 - R:localhost/127.0.0.1:64559]' for 'GET' to '/devtools/browser/8bba589a-9d82-49d3-829f-0b16bc3e3ff5'
15:04:46.325 [AsyncHttpClient-1-7] DEBUG org.asynchttpclient.netty.handler.WebSocketHandler - 

Request DefaultFullHttpRequest(decodeResult: success, version: HTTP/1.1, content: EmptyByteBufBE)
GET /devtools/browser/8bba589a-9d82-49d3-829f-0b16bc3e3ff5 HTTP/1.1
upgrade: websocket
connection: upgrade
sec-websocket-key: RTM6UOwWhB4B7Nzj06yVWA==
sec-websocket-version: 13
origin: http://localhost:64559
host: localhost:64559
accept: */*
user-agent: AHC/2.1

Response DefaultHttpResponse(decodeResult: success, version: HTTP/1.1)
HTTP/1.1 101 WebSocket Protocol Handshake
Upgrade: WebSocket
Connection: Upgrade
Sec-WebSocket-Accept: koYUf3074aIhFbsi0uOhfGCV3KQ=

15:04:46.339 [Forwarding get on session 888b3365caf0b6cfb59f6db950351f06 to remote] DEBUG org.asynchttpclient.netty.request.NettyRequestSender - Using pooled Channel '[id: 0x075cee92, L:/127.0.0.1:64558 - R:localhost/127.0.0.1:47734]' for 'POST' to 'http://localhost:47734/session/888b3365caf0b6cfb59f6db950351f06/url'
15:04:46.339 [Forwarding get on session 888b3365caf0b6cfb59f6db950351f06 to remote] DEBUG org.asynchttpclient.netty.request.NettyRequestSender - Using open Channel [id: 0x075cee92, L:/127.0.0.1:64558 - R:localhost/127.0.0.1:47734] for POST '/session/888b3365caf0b6cfb59f6db950351f06/url'
15:04:46.716 [AsyncHttpClient-1-1] DEBUG org.asynchttpclient.netty.channel.DefaultChannelPool - Entry count for : http://localhost:64559 : 1
15:04:47.812 [AsyncHttpClient-1-1] DEBUG org.asynchttpclient.netty.channel.DefaultChannelPool - Entry count for : http://localhost:64559 : 1
15:04:48.915 [AsyncHttpClient-1-1] DEBUG org.asynchttpclient.netty.channel.DefaultChannelPool - Entry count for : http://localhost:64559 : 1
15:04:50.010 [AsyncHttpClient-1-1] DEBUG org.asynchttpclient.netty.channel.DefaultChannelPool - Entry count for : http://localhost:64559 : 1
15:04:51.116 [AsyncHttpClient-1-1] DEBUG org.asynchttpclient.netty.channel.DefaultChannelPool - Entry count for : http://localhost:64559 : 1
15:04:52.214 [AsyncHttpClient-1-1] DEBUG org.asynchttpclient.netty.channel.DefaultChannelPool - Entry count for : http://localhost:64559 : 1
[...]
15:05:08.557 [Forwarding findElement on session fc428d77729771e83e9d0a90f8940b3a to remote] DEBUG org.asynchttpclient.netty.request.NettyRequestSender - Using pooled Channel '[id: 0x30ca35b6, L:/127.0.0.1:64582 - R:localhost/127.0.0.1:45879]' for 'POST' to 'http://localhost:45879/session/fc428d77729771e83e9d0a90f8940b3a/element'
15:05:08.557 [Forwarding findElement on session fc428d77729771e83e9d0a90f8940b3a to remote] DEBUG org.asynchttpclient.netty.request.NettyRequestSender - Using open Channel [id: 0x30ca35b6, L:/127.0.0.1:64582 - R:localhost/127.0.0.1:45879] for POST '/session/fc428d77729771e83e9d0a90f8940b3a/element'
15:05:08.712 [AsyncHttpClient-1-1] DEBUG org.asynchttpclient.netty.channel.DefaultChannelPool - Entry count for : http://localhost:64583 : 1
15:05:09.821 [AsyncHttpClient-1-1] DEBUG org.asynchttpclient.netty.channel.DefaultChannelPool - Entry count for : http://localhost:64583 : 1
15:05:10.579 [AsyncHttpClient-1-8] DEBUG org.asynchttpclient.netty.handler.HttpHandler - 

Request DefaultHttpRequest(decodeResult: success, version: HTTP/1.1)
POST /session/fc428d77729771e83e9d0a90f8940b3a/element HTTP/1.1
User-Agent: selenium/4.8.1 (java windows)
Content-Length: 167
Content-Type: application/json; charset=utf-8
host: localhost:45879
accept: */*

Response DefaultHttpResponse(decodeResult: success, version: HTTP/1.1)
HTTP/1.1 404 Not Found
Content-Length: 986
Content-Type: application/json; charset=utf-8
cache-control: no-cache

15:05:10.580 [AsyncHttpClient-1-8] DEBUG org.asynchttpclient.netty.channel.ChannelManager - Adding key: http://localhost:45879 for channel [id: 0x30ca35b6, L:/127.0.0.1:64582 - R:localhost/127.0.0.1:45879]
15:05:10.584 [Forwarding getAlertText on session fc428d77729771e83e9d0a90f8940b3a to remote] DEBUG org.asynchttpclient.netty.request.NettyRequestSender - Using pooled Channel '[id: 0x30ca35b6, L:/127.0.0.1:64582 - R:localhost/127.0.0.1:45879]' for 'GET' to 'http://localhost:45879/session/fc428d77729771e83e9d0a90f8940b3a/alert/text'
15:05:10.584 [Forwarding getAlertText on session fc428d77729771e83e9d0a90f8940b3a to remote] DEBUG org.asynchttpclient.netty.request.NettyRequestSender - Using open Channel [id: 0x30ca35b6, L:/127.0.0.1:64582 - R:localhost/127.0.0.1:45879] for GET '/session/fc428d77729771e83e9d0a90f8940b3a/alert/text'
15:05:10.586 [AsyncHttpClient-1-8] DEBUG org.asynchttpclient.netty.handler.HttpHandler - 

Request DefaultFullHttpRequest(decodeResult: success, version: HTTP/1.1, content: EmptyByteBufBE)
GET /session/fc428d77729771e83e9d0a90f8940b3a/alert/text HTTP/1.1
User-Agent: selenium/4.8.1 (java windows)
Cache-Control: no-cache
Content-Type: application/json; charset=utf-8
host: localhost:45879
accept: */*

Response DefaultHttpResponse(decodeResult: success, version: HTTP/1.1)
HTTP/1.1 404 Not Found
Content-Length: 816
Content-Type: application/json; charset=utf-8
cache-control: no-cache

15:05:10.586 [AsyncHttpClient-1-8] DEBUG org.asynchttpclient.netty.channel.ChannelManager - Adding key: http://localhost:45879 for channel [id: 0x30ca35b6, L:/127.0.0.1:64582 - R:localhost/127.0.0.1:45879]
15:05:10.587 [Forwarding getCurrentUrl on session fc428d77729771e83e9d0a90f8940b3a to remote] DEBUG org.asynchttpclient.netty.request.NettyRequestSender - Using pooled Channel '[id: 0x30ca35b6, L:/127.0.0.1:64582 - R:localhost/127.0.0.1:45879]' for 'GET' to 'http://localhost:45879/session/fc428d77729771e83e9d0a90f8940b3a/url'
15:05:10.587 [Forwarding getCurrentUrl on session fc428d77729771e83e9d0a90f8940b3a to remote] DEBUG org.asynchttpclient.netty.request.NettyRequestSender - Using open Channel [id: 0x30ca35b6, L:/127.0.0.1:64582 - R:localhost/127.0.0.1:45879] for GET '/session/fc428d77729771e83e9d0a90f8940b3a/url'
15:05:10.591 [AsyncHttpClient-1-8] DEBUG org.asynchttpclient.netty.handler.HttpHandler - 

Request DefaultFullHttpRequest(decodeResult: success, version: HTTP/1.1, content: EmptyByteBufBE)
GET /session/fc428d77729771e83e9d0a90f8940b3a/url HTTP/1.1
User-Agent: selenium/4.8.1 (java windows)
Cache-Control: no-cache
Content-Type: application/json; charset=utf-8
host: localhost:45879
accept: */*

Response DefaultHttpResponse(decodeResult: success, version: HTTP/1.1)
HTTP/1.1 200 OK
Content-Length: 78
Content-Type: application/json; charset=utf-8
cache-control: no-cache

15:05:10.591 [AsyncHttpClient-1-8] DEBUG org.asynchttpclient.netty.channel.ChannelManager - Adding key: http://localhost:45879 for channel [id: 0x30ca35b6, L:/127.0.0.1:64582 - R:localhost/127.0.0.1:45879]
15:05:10.592 [Forwarding screenshot on session fc428d77729771e83e9d0a90f8940b3a to remote] DEBUG org.asynchttpclient.netty.request.NettyRequestSender - Using pooled Channel '[id: 0x30ca35b6, L:/127.0.0.1:64582 - R:localhost/127.0.0.1:45879]' for 'GET' to 'http://localhost:45879/session/fc428d77729771e83e9d0a90f8940b3a/screenshot'
15:05:10.592 [Forwarding screenshot on session fc428d77729771e83e9d0a90f8940b3a to remote] DEBUG org.asynchttpclient.netty.request.NettyRequestSender - Using open Channel [id: 0x30ca35b6, L:/127.0.0.1:64582 - R:localhost/127.0.0.1:45879] for GET '/session/fc428d77729771e83e9d0a90f8940b3a/screenshot'
15:05:10.708 [AsyncHttpClient-1-8] DEBUG org.asynchttpclient.netty.handler.HttpHandler - 

Request DefaultFullHttpRequest(decodeResult: success, version: HTTP/1.1, content: EmptyByteBufBE)
GET /session/fc428d77729771e83e9d0a90f8940b3a/screenshot HTTP/1.1
User-Agent: selenium/4.8.1 (java windows)
Cache-Control: no-cache
Content-Type: application/json; charset=utf-8
host: localhost:45879
accept: */*

Response DefaultHttpResponse(decodeResult: success, version: HTTP/1.1)
HTTP/1.1 200 OK
Content-Length: 113976
Content-Type: application/json; charset=utf-8
cache-control: no-cache

15:05:10.709 [AsyncHttpClient-1-8] DEBUG org.asynchttpclient.netty.channel.ChannelManager - Adding key: http://localhost:45879 for channel [id: 0x30ca35b6, L:/127.0.0.1:64582 - R:localhost/127.0.0.1:45879]
15:05:10.712 [main] DEBUG net.serenitybdd.core.photography.Darkroom - Send negative for processing for target\site\serenity\097700310e95b3f99b36592cd502e4f08c056f3e2c1d06352e7baa35c5de40dc.png
15:05:10.712 [Forwarding getPageSource on session fc428d77729771e83e9d0a90f8940b3a to remote] DEBUG org.asynchttpclient.netty.request.NettyRequestSender - Using pooled Channel '[id: 0x30ca35b6, L:/127.0.0.1:64582 - R:localhost/127.0.0.1:45879]' for 'POST' to 'http://localhost:45879/session/fc428d77729771e83e9d0a90f8940b3a/execute/sync'
15:05:10.712 [Forwarding getPageSource on session fc428d77729771e83e9d0a90f8940b3a to remote] DEBUG org.asynchttpclient.netty.request.NettyRequestSender - Using open Channel [id: 0x30ca35b6, L:/127.0.0.1:64582 - R:localhost/127.0.0.1:45879] for POST '/session/fc428d77729771e83e9d0a90f8940b3a/execute/sync'
15:05:10.713 [Darkroom Processing Line] DEBUG net.serenitybdd.core.photography.DarkroomProcessingLine - Processing screenshot image in /var/screenshots/screenshot-7780388157026847529
15:05:10.713 [Darkroom Processing Line] DEBUG net.serenitybdd.core.photography.DarkroomProcessingLine - Saving screenshot to target\site\serenity\097700310e95b3f99b36592cd502e4f08c056f3e2c1d06352e7baa35c5de40dc.png
15:05:10.718 [AsyncHttpClient-1-8] DEBUG org.asynchttpclient.netty.handler.HttpHandler - 

Request DefaultHttpRequest(decodeResult: success, version: HTTP/1.1)
POST /session/fc428d77729771e83e9d0a90f8940b3a/execute/sync HTTP/1.1
User-Agent: selenium/4.8.1 (java windows)
Content-Length: 176
Content-Type: application/json; charset=utf-8
host: localhost:45879
accept: */*

Response DefaultHttpResponse(decodeResult: success, version: HTTP/1.1)
HTTP/1.1 200 OK
Content-Length: 16077
Content-Type: application/json; charset=utf-8
cache-control: no-cache

15:05:10.718 [AsyncHttpClient-1-8] DEBUG org.asynchttpclient.netty.channel.ChannelManager - Adding key: http://localhost:45879 for channel [id: 0x30ca35b6, L:/127.0.0.1:64582 - R:localhost/127.0.0.1:45879]
15:05:10.720 [Forwarding getCurrentUrl on session fc428d77729771e83e9d0a90f8940b3a to remote] DEBUG org.asynchttpclient.netty.request.NettyRequestSender - Using pooled Channel '[id: 0x30ca35b6, L:/127.0.0.1:64582 - R:localhost/127.0.0.1:45879]' for 'GET' to 'http://localhost:45879/session/fc428d77729771e83e9d0a90f8940b3a/url'
15:05:10.720 [Forwarding getCurrentUrl on session fc428d77729771e83e9d0a90f8940b3a to remote] DEBUG org.asynchttpclient.netty.request.NettyRequestSender - Using open Channel [id: 0x30ca35b6, L:/127.0.0.1:64582 - R:localhost/127.0.0.1:45879] for GET '/session/fc428d77729771e83e9d0a90f8940b3a/url'
15:05:10.724 [AsyncHttpClient-1-8] DEBUG org.asynchttpclient.netty.handler.HttpHandler - 

Request DefaultFullHttpRequest(decodeResult: success, version: HTTP/1.1, content: EmptyByteBufBE)
GET /session/fc428d77729771e83e9d0a90f8940b3a/url HTTP/1.1
User-Agent: selenium/4.8.1 (java windows)
Cache-Control: no-cache
Content-Type: application/json; charset=utf-8
host: localhost:45879
accept: */*

Response DefaultHttpResponse(decodeResult: success, version: HTTP/1.1)
HTTP/1.1 200 OK
Content-Length: 78
Content-Type: application/json; charset=utf-8
cache-control: no-cache

15:05:10.724 [AsyncHttpClient-1-8] DEBUG org.asynchttpclient.netty.channel.ChannelManager - Adding key: http://localhost:45879 for channel [id: 0x30ca35b6, L:/127.0.0.1:64582 - R:localhost/127.0.0.1:45879]
  Then User should be able to see error message 'Username cannot be empty' # stepdefinitions.LoginOrangeTest.unsucessfulLogin(java.lang.String)
      org.openqa.selenium.NoSuchElementException: no such element: Unable to locate element: {"method":"xpath","selector":"//*[@id='app']/div[1]/div/div[1]/div/div[2]/div[2]/div/div[1]/div[1]/p"}
  (Session info: chrome=112.0.5615.138)
For documentation on this error, please visit: https://selenium.dev/exceptions/#no_such_element
Build info: version: '4.8.1', revision: '8ebccac989'
System info: os.name: 'Windows 11', os.arch: 'amd64', os.version: '10.0', java.version: '19'
Driver info: org.openqa.selenium.chrome.ChromeDriver
Command: [fc428d77729771e83e9d0a90f8940b3a, findElement {using=xpath, value=//*[@id='app']/div[1]/div/div[1]/div/div[2]/div[2]/div/div[1]/div[1]/p}]
Capabilities {acceptInsecureCerts: false, browserName: chrome, browserVersion: 112.0.5615.138, chrome: {chromedriverVersion: 111.0.5563.64 (c710e93d5b63..., userDataDir: C:\Users\VIJAYA~1.RAJ\AppDa...}, goog:chromeOptions: {debuggerAddress: localhost:64583}, networkConnectionEnabled: false, pageLoadStrategy: normal, platformName: WINDOWS, proxy: Proxy(), se:cdp: ws://localhost:64583/devtoo..., se:cdpVersion: 112.0.5615.138, setWindowRect: true, strictFileInteractability: false, timeouts: {implicit: 0, pageLoad: 300000, script: 30000}, unhandledPromptBehavior: dismiss and notify, webauthn:extension:credBlob: true, webauthn:extension:largeBlob: true, webauthn:extension:minPinLength: true, webauthn:extension:prf: true, webauthn:virtualAuthenticators: true}
Session ID: fc428d77729771e83e9d0a90f8940b3a
	at java.base/jdk.internal.reflect.DirectConstructorHandleAccessor.newInstance(DirectConstructorHandleAccessor.java:67)
	at java.base/java.lang.reflect.Constructor.newInstanceWithCaller(Constructor.java:500)
	at java.base/java.lang.reflect.Constructor.newInstance(Constructor.java:484)
	at org.openqa.selenium.remote.codec.w3c.W3CHttpResponseCodec.createException(W3CHttpResponseCodec.java:200)
	at org.openqa.selenium.remote.codec.w3c.W3CHttpResponseCodec.decode(W3CHttpResponseCodec.java:133)
	at org.openqa.selenium.remote.codec.w3c.W3CHttpResponseCodec.decode(W3CHttpResponseCodec.java:53)
	at org.openqa.selenium.remote.HttpCommandExecutor.execute(HttpCommandExecutor.java:184)
	at org.openqa.selenium.remote.service.DriverCommandExecutor.invokeExecute(DriverCommandExecutor.java:167)
	at org.openqa.selenium.remote.service.DriverCommandExecutor.execute(DriverCommandExecutor.java:142)
	at org.openqa.selenium.remote.RemoteWebDriver.execute(RemoteWebDriver.java:543)
	at org.openqa.selenium.remote.ElementLocation$ElementFinder$2.findElement(ElementLocation.java:162)
	at org.openqa.selenium.remote.ElementLocation.findElement(ElementLocation.java:60)
	at org.openqa.selenium.remote.RemoteWebDriver.findElement(RemoteWebDriver.java:352)
	at org.openqa.selenium.remote.RemoteWebDriver.findElement(RemoteWebDriver.java:344)
	at net.thucydides.core.webdriver.WebDriverFacade.findElement(WebDriverFacade.java:242)
	at net.serenitybdd.core.pages.WebElementResolverByLocator.resolveForDriver(WebElementResolverByLocator.java:25)
	at net.serenitybdd.core.pages.WebElementFacadeImpl.getResolvedElement(WebElementFacadeImpl.java:189)
	at net.serenitybdd.core.pages.WebElementFacadeImpl.getElement(WebElementFacadeImpl.java:184)
	at net.serenitybdd.core.pages.WebElementFacadeImpl.getText(WebElementFacadeImpl.java:1091)
	at SerenityProject@0.0.1-SNAPSHOT/pages.LoginPage.errorMessage(LoginPage.java:27)
	at SerenityProject@0.0.1-SNAPSHOT/pages.LoginPage$ByteBuddy$05COehHA.errorMessage$accessor$uVMzfmaK(Unknown Source)
	at java.base/jdk.internal.reflect.DirectMethodHandleAccessor.invoke(DirectMethodHandleAccessor.java:104)
	at java.base/java.lang.reflect.Method.invoke(Method.java:578)
	at net.thucydides.core.steps.StepInterceptor.invokeMethod(StepInterceptor.java:518)
	at net.thucydides.core.steps.StepInterceptor.executeTestStepMethod(StepInterceptor.java:498)
	at net.thucydides.core.steps.StepInterceptor.runTestStep(StepInterceptor.java:472)
	at net.thucydides.core.steps.StepInterceptor.runOrSkipMethod(StepInterceptor.java:211)
	at net.thucydides.core.steps.StepInterceptor.testStepResult(StepInterceptor.java:198)
	at net.thucydides.core.steps.StepInterceptor.intercept(StepInterceptor.java:86)
	at net.thucydides.core.steps.ProxyConfiguration$InterceptorDispatcher.intercept(ProxyConfiguration.java:51)
	at SerenityProject@0.0.1-SNAPSHOT/pages.LoginPage$ByteBuddy$05COehHA.errorMessage(Unknown Source)
	at SerenityProject@0.0.1-SNAPSHOT/stepdefinitions.LoginOrangeTest.unsucessfulLogin(LoginOrangeTest.java:46)
	at ✽.User should be able to see error message 'Username cannot be empty'(file:///C:/Users/vijayalaxmi.rajaa/eclipse-workspace/SerenityProject/Features/LoginOrange.feature:15)

15:05:10.742 [Driver Command Executor] DEBUG org.asynchttpclient.netty.request.NettyRequestSender - Using pooled Channel '[id: 0x30ca35b6, L:/127.0.0.1:64582 - R:localhost/127.0.0.1:45879]' for 'DELETE' to 'http://localhost:45879/session/fc428d77729771e83e9d0a90f8940b3a'
15:05:10.742 [Driver Command Executor] DEBUG org.asynchttpclient.netty.request.NettyRequestSender - Using open Channel [id: 0x30ca35b6, L:/127.0.0.1:64582 - R:localhost/127.0.0.1:45879] for DELETE '/session/fc428d77729771e83e9d0a90f8940b3a'
15:05:10.742 [AsyncHttpClient-1-10] DEBUG org.asynchttpclient.netty.handler.WebSocketHandler - Channel Closed: [id: 0xe914fd5a, L:/127.0.0.1:64590 ! R:localhost/127.0.0.1:64583] with attribute NettyResponseFuture{currentRetry=0,
	isDone=1,
	isCancelled=0,
	asyncHandler=org.asynchttpclient.ws.WebSocketUpgradeHandler@7080ca92,
	nettyRequest=org.asynchttpclient.netty.request.NettyRequest@35825ae6,
	future=java.util.concurrent.CompletableFuture@a4a8a05[Completed normally],
	uri=ws://localhost:64583/devtools/browser/866e6c70-7a70-4c82-b58e-10b72dffea28,
	keepAlive=true,
	redirectCount=0,
	timeoutsHolder=null,
	inAuth=0,
	touch=1682933699453}
15:05:10.743 [AsyncHttpClient-1-10] DEBUG org.asynchttpclient.netty.channel.ChannelManager - Closing Channel [id: 0xe914fd5a, L:/127.0.0.1:64590 ! R:localhost/127.0.0.1:64583] 
15:05:10.806 [AsyncHttpClient-1-9] DEBUG org.asynchttpclient.netty.handler.HttpHandler - Unexpected I/O exception on channel [id: 0x50965584, L:/127.0.0.1:64589 - R:localhost/127.0.0.1:64583]
java.net.SocketException: Connection reset
	at java.base/sun.nio.ch.SocketChannelImpl.throwConnectionReset(SocketChannelImpl.java:401)
	at java.base/sun.nio.ch.SocketChannelImpl.read(SocketChannelImpl.java:434)
	at io.netty.buffer.PooledByteBuf.setBytes(PooledByteBuf.java:259)
	at io.netty.buffer.AbstractByteBuf.writeBytes(AbstractByteBuf.java:1132)
	at io.netty.channel.socket.nio.NioSocketChannel.doReadBytes(NioSocketChannel.java:357)
	at io.netty.channel.nio.AbstractNioByteChannel$NioByteUnsafe.read(AbstractNioByteChannel.java:151)
	at io.netty.channel.nio.NioEventLoop.processSelectedKey(NioEventLoop.java:788)
	at io.netty.channel.nio.NioEventLoop.processSelectedKeysOptimized(NioEventLoop.java:724)
	at io.netty.channel.nio.NioEventLoop.processSelectedKeys(NioEventLoop.java:650)
	at io.netty.channel.nio.NioEventLoop.run(NioEventLoop.java:562)
	at io.netty.util.concurrent.SingleThreadEventExecutor$4.run(SingleThreadEventExecutor.java:997)
	at io.netty.util.internal.ThreadExecutorMap$2.run(ThreadExecutorMap.java:74)
	at io.netty.util.concurrent.FastThreadLocalRunnable.run(FastThreadLocalRunnable.java:30)
	at java.base/java.lang.Thread.run(Thread.java:1589)
15:05:10.806 [AsyncHttpClient-1-9] DEBUG org.asynchttpclient.netty.channel.ChannelManager - Closing Channel [id: 0x50965584, L:/127.0.0.1:64589 - R:localhost/127.0.0.1:64583] 
15:05:10.806 [AsyncHttpClient-1-9] DEBUG org.asynchttpclient.netty.handler.HttpHandler - Channel Closed: [id: 0x50965584, L:/127.0.0.1:64589 ! R:localhost/127.0.0.1:64583] with attribute DISCARD
15:05:10.826 [AsyncHttpClient-1-8] DEBUG org.asynchttpclient.netty.handler.HttpHandler - 

Request DefaultFullHttpRequest(decodeResult: success, version: HTTP/1.1, content: EmptyByteBufBE)
DELETE /session/fc428d77729771e83e9d0a90f8940b3a HTTP/1.1
User-Agent: selenium/4.8.1 (java windows)
Content-Type: application/json; charset=utf-8
host: localhost:45879
accept: */*

Response DefaultHttpResponse(decodeResult: success, version: HTTP/1.1)
HTTP/1.1 200 OK
Content-Length: 14
Content-Type: application/json; charset=utf-8
cache-control: no-cache

15:05:10.827 [AsyncHttpClient-1-8] DEBUG org.asynchttpclient.netty.channel.ChannelManager - Adding key: http://localhost:45879 for channel [id: 0x30ca35b6, L:/127.0.0.1:64582 - R:localhost/127.0.0.1:45879]
15:05:10.912 [AsyncHttpClient-1-1] DEBUG org.asynchttpclient.netty.channel.DefaultChannelPool - Entry count for : http://localhost:45879 : 1
15:05:10.912 [AsyncHttpClient-1-1] DEBUG org.asynchttpclient.netty.channel.DefaultChannelPool - Entry count for : http://localhost:64583 : 1
15:05:10.912 [AsyncHttpClient-1-1] DEBUG org.asynchttpclient.netty.channel.DefaultChannelPool - Adding Candidate expired Channel [id: 0x50965584, L:/127.0.0.1:64589 ! R:localhost/127.0.0.1:64583] isIdleTimeoutExpired=false isRemotelyClosed=true isTtlExpired=false
15:05:10.912 [AsyncHttpClient-1-1] DEBUG org.asynchttpclient.netty.channel.DefaultChannelPool - Closing Idle Channel [id: 0x50965584, L:/127.0.0.1:64589 ! R:localhost/127.0.0.1:64583]
15:05:10.912 [AsyncHttpClient-1-1] DEBUG org.asynchttpclient.netty.channel.DefaultChannelPool - Closed 1 connections out of 2 in 0 ms
15:05:11.286 [AsyncHttpClient-1-8] DEBUG org.asynchttpclient.netty.handler.HttpHandler - Channel Closed: [id: 0x30ca35b6, L:/127.0.0.1:64582 ! R:localhost/127.0.0.1:45879] with attribute DISCARD
]]></system-out>
    <system-err><![CDATA[Starting ChromeDriver 111.0.5563.64 (c710e93d5b63b7095afe8c2c17df34408078439d-refs/branch-heads/5563@{#995}) on port 45879
Only local connections are allowed.
Please see https://chromedriver.chromium.org/security-considerations for suggestions on keeping ChromeDriver safe.
ChromeDriver was started successfully.
[1682933699.267][WARNING]: This version of ChromeDriver has not been tested with Chrome version 112.
May 01, 2023 3:04:59 PM org.openqa.selenium.devtools.CdpVersionFinder findNearestMatch
WARNING: Unable to find an exact match for CDP version 112, so returning the closest version found: 110
]]></system-err>
  </testcase>
</testsuite>